Netgen 1.5.313 compiled on Sun Dec 21 07:48:15 PM CET 2025
Warning: netgen command 'format' use fully-qualified name '::netgen::format'
Warning: netgen command 'global' use fully-qualified name '::netgen::global'
Call to undefined subcircuit sg13_lv_pmos
Creating placeholder cell definition.
Call to undefined subcircuit sg13_lv_nmos
Creating placeholder cell definition.
Call to undefined subcircuit gate_and
Creating placeholder cell definition.
Call to undefined subcircuit gate_inv_L0d65
Creating placeholder cell definition.
Call to undefined subcircuit sg13_lv_nmos
Creating placeholder cell definition.
Call to undefined subcircuit sg13_lv_pmos
Creating placeholder cell definition.
Generating JSON file result

Reading setup file /foss/pdks/ihp-sg13g2/libs.tech/netgen/ihp-sg13g2_setup.tcl

Model sg13_lv_nmos pin 1 == 3
No property ng found for device sg13_lv_nmos
No property trise found for device sg13_lv_nmos
No property z1 found for device sg13_lv_nmos
No property z2 found for device sg13_lv_nmos
No property wmin found for device sg13_lv_nmos
No property rfmode found for device sg13_lv_nmos
No property pre_layout found for device sg13_lv_nmos
Model sg13_lv_nmos pin 1 == 3
No property as found for device sg13_lv_nmos
No property ad found for device sg13_lv_nmos
No property pd found for device sg13_lv_nmos
No property ps found for device sg13_lv_nmos
No property trise found for device sg13_lv_nmos
No property z1 found for device sg13_lv_nmos
No property z2 found for device sg13_lv_nmos
No property wmin found for device sg13_lv_nmos
No property rfmode found for device sg13_lv_nmos
No property pre_layout found for device sg13_lv_nmos
Model sg13_lv_pmos pin 1 == 3
No property ng found for device sg13_lv_pmos
No property trise found for device sg13_lv_pmos
No property z1 found for device sg13_lv_pmos
No property z2 found for device sg13_lv_pmos
No property wmin found for device sg13_lv_pmos
No property rfmode found for device sg13_lv_pmos
No property pre_layout found for device sg13_lv_pmos
Model sg13_lv_pmos pin 1 == 3
No property as found for device sg13_lv_pmos
No property ad found for device sg13_lv_pmos
No property pd found for device sg13_lv_pmos
No property ps found for device sg13_lv_pmos
No property trise found for device sg13_lv_pmos
No property z1 found for device sg13_lv_pmos
No property z2 found for device sg13_lv_pmos
No property wmin found for device sg13_lv_pmos
No property rfmode found for device sg13_lv_pmos
No property pre_layout found for device sg13_lv_pmos
Comparison output logged to file edge_detector_comp.out
Logging to file "edge_detector_comp.out" enabled
Circuit sg13_lv_pmos contains no devices.
Circuit sg13_lv_nmos contains no devices.

Contents of circuit 1:  Circuit: 'edge_detector'
Circuit edge_detector contains 16 device instances.
  Class: sg13_lv_pmos          instances:   8
  Class: sg13_lv_nmos          instances:   8
Circuit contains 11 nets.
Contents of circuit 2:  Circuit: 'edge_detector'
Circuit edge_detector contains 16 device instances.
  Class: sg13_lv_pmos          instances:   8
  Class: sg13_lv_nmos          instances:   8
Circuit contains 11 nets.

Circuit 1 contains 16 devices, Circuit 2 contains 16 devices.
Circuit 1 contains 11 nets,    Circuit 2 contains 11 nets.


Final result: 
Circuits match uniquely.
.
Logging to file "edge_detector_comp.out" disabled
LVS Done.
