
Note: No compatibility mode selected!


Circuit: ** sch_path: /foss/designs/chipathon_2025/designs/ihp-sg13g2/edge_detector/runs/run_2026-02-26_17-44-04/parameters/mc_variations/run_0/run_54/cace_edge_detector_tb.sch

Doing analysis at TEMP = 27.000000 and TNOM = 27.000000

Using SPARSE 1.3 as Direct Linear Solver

Initial Transient Solution
--------------------------

Node                                   Voltage
----                                   -------
net3                                         0
net1                                       1.2
net2                                         0
in                                 6.66503e-09
vss                                1.58568e-07
vdd                                        1.2
out                                2.35428e-07
vsn#branch                         3.17137e-09
vsp#branch                        -3.30467e-09
vin#branch                         1.33301e-10

 Reference value :  0.00000e+00
 Reference value :  2.70560e-10
 Reference value :  6.06560e-10
 Reference value :  6.64560e-10
 Reference value :  7.50560e-10
 Reference value :  9.48560e-10
 Reference value :  1.12056e-09
 Reference value :  1.40456e-09
 Reference value :  1.64256e-09
 Reference value :  1.73456e-09
 Reference value :  1.87056e-09
 Reference value :  1.87456e-09
 Reference value :  1.87656e-09
 Reference value :  1.88856e-09
 Reference value :  1.91656e-09
 Reference value :  1.92656e-09
 Reference value :  1.97256e-09
 Reference value :  2.07656e-09
 Reference value :  2.31056e-09
 Reference value :  2.45256e-09
 Reference value :  2.60256e-09
 Reference value :  2.80456e-09
 Reference value :  3.04056e-09
 Reference value :  3.29656e-09
 Reference value :  3.49856e-09
 Reference value :  3.71856e-09
 Reference value :  3.99456e-09
 Reference value :  4.12656e-09
 Reference value :  4.32656e-09
 Reference value :  4.58056e-09
 Reference value :  4.76656e-09
 Reference value :  5.05456e-09
 Reference value :  5.24656e-09
 Reference value :  5.49256e-09
 Reference value :  5.78056e-09
 Reference value :  5.92256e-09
 Reference value :  5.97456e-09
 Reference value :  6.14656e-09
 Reference value :  6.43256e-09
 Reference value :  6.49456e-09
 Reference value :  6.54056e-09
 Reference value :  6.59856e-09
 Reference value :  6.66256e-09
 Reference value :  6.70456e-09
 Reference value :  6.75656e-09
 Reference value :  6.82056e-09
 Reference value :  6.87456e-09
 Reference value :  6.90256e-09
 Reference value :  6.92056e-09
 Reference value :  6.95656e-09
 Reference value :  6.99256e-09
 Reference value :  7.03456e-09
 Reference value :  7.05856e-09
 Reference value :  7.08656e-09
 Reference value :  7.12056e-09
 Reference value :  7.15856e-09
 Reference value :  7.18456e-09
 Reference value :  7.23656e-09
 Reference value :  7.28656e-09
 Reference value :  7.29856e-09
 Reference value :  7.31056e-09
 Reference value :  7.33656e-09
 Reference value :  7.37256e-09
 Reference value :  7.39856e-09
 Reference value :  7.42256e-09
 Reference value :  7.44056e-09
 Reference value :  7.45656e-09
 Reference value :  7.48256e-09
 Reference value :  7.50856e-09
 Reference value :  7.52656e-09
 Reference value :  7.55656e-09
 Reference value :  7.56456e-09
 Reference value :  7.57056e-09
 Reference value :  7.57656e-09
 Reference value :  7.57856e-09
 Reference value :  7.58256e-09
 Reference value :  7.58656e-09
 Reference value :  7.59256e-09
 Reference value :  7.59656e-09
 Reference value :  7.60056e-09
 Reference value :  7.60656e-09
 Reference value :  7.61856e-09
 Reference value :  7.64256e-09
 Reference value :  7.66256e-09
 Reference value :  7.68656e-09
 Reference value :  7.72456e-09
 Reference value :  7.76256e-09
 Reference value :  7.79056e-09
 Reference value :  7.80856e-09
 Reference value :  7.82856e-09
 Reference value :  7.84656e-09
 Reference value :  7.85056e-09
 Reference value :  7.88656e-09
 Reference value :  7.91256e-09
 Reference value :  7.94256e-09
 Reference value :  7.96256e-09
 Reference value :  7.97656e-09
 Reference value :  8.00256e-09
 Reference value :  8.00856e-09
 Reference value :  8.01056e-09
 Reference value :  8.01256e-09
 Reference value :  8.01656e-09
 Reference value :  8.02256e-09
 Reference value :  8.02456e-09
 Reference value :  8.02856e-09
 Reference value :  8.03056e-09
 Reference value :  8.03456e-09
 Reference value :  8.03856e-09
 Reference value :  8.04456e-09
 Reference value :  8.05056e-09
 Reference value :  8.05656e-09
 Reference value :  8.06056e-09
 Reference value :  8.06456e-09
 Reference value :  8.06656e-09
 Reference value :  8.06856e-09
 Reference value :  8.07256e-09
 Reference value :  8.07656e-09
 Reference value :  8.08056e-09
 Reference value :  8.08656e-09
 Reference value :  8.09056e-09
 Reference value :  8.10056e-09
 Reference value :  8.11456e-09
 Reference value :  8.13056e-09
 Reference value :  8.14256e-09
 Reference value :  8.16056e-09
 Reference value :  8.18256e-09
 Reference value :  8.20656e-09
 Reference value :  8.23856e-09
 Reference value :  8.25856e-09
 Reference value :  8.28056e-09
 Reference value :  8.30256e-09
 Reference value :  8.31856e-09
 Reference value :  8.33656e-09
 Reference value :  8.34656e-09
 Reference value :  8.36056e-09
 Reference value :  8.37256e-09
 Reference value :  8.39256e-09
 Reference value :  8.41056e-09
 Reference value :  8.42256e-09
 Reference value :  8.43856e-09
 Reference value :  8.45256e-09
 Reference value :  8.46456e-09
 Reference value :  8.48856e-09
 Reference value :  8.50856e-09
 Reference value :  8.51856e-09
 Reference value :  8.52456e-09
 Reference value :  8.52656e-09
 Reference value :  8.53456e-09
 Reference value :  8.54256e-09
 Reference value :  8.54856e-09
 Reference value :  8.55456e-09
 Reference value :  8.56456e-09
 Reference value :  8.58056e-09
 Reference value :  8.60056e-09
 Reference value :  8.62056e-09
 Reference value :  8.63456e-09
 Reference value :  8.67856e-09
 Reference value :  8.71256e-09
 Reference value :  8.74856e-09
 Reference value :  8.78856e-09
 Reference value :  8.82056e-09
 Reference value :  8.86256e-09
 Reference value :  8.90456e-09
 Reference value :  8.94256e-09
 Reference value :  8.97256e-09
 Reference value :  9.00856e-09
 Reference value :  9.05656e-09
 Reference value :  9.08456e-09
 Reference value :  9.12856e-09
 Reference value :  9.16856e-09
 Reference value :  9.18456e-09
 Reference value :  9.21256e-09
 Reference value :  9.26056e-09
 Reference value :  9.30056e-09
 Reference value :  9.33656e-09
 Reference value :  9.37456e-09
 Reference value :  9.42256e-09
 Reference value :  9.45856e-09
 Reference value :  9.49856e-09
 Reference value :  9.52856e-09
 Reference value :  9.54856e-09
 Reference value :  9.55456e-09
 Reference value :  9.55656e-09
 Reference value :  9.56856e-09
 Reference value :  9.58056e-09
 Reference value :  9.59656e-09
 Reference value :  9.63056e-09
 Reference value :  9.65656e-09
 Reference value :  9.68856e-09
 Reference value :  9.71256e-09
 Reference value :  9.75456e-09
 Reference value :  9.79256e-09
 Reference value :  9.81656e-09
 Reference value :  9.84256e-09
 Reference value :  9.86856e-09
 Reference value :  9.89256e-09
 Reference value :  9.90456e-09
 Reference value :  9.91656e-09
 Reference value :  9.92056e-09
 Reference value :  9.92456e-09
 Reference value :  9.93856e-09
 Reference value :  9.94656e-09
 Reference value :  9.95856e-09
 Reference value :  9.96856e-09
 Reference value :  9.97656e-09
 Reference value :  9.98056e-09
 Reference value :  9.98256e-09
 Reference value :  9.99856e-09
 Reference value :  1.00190e-08
 Reference value :  1.00370e-08
 Reference value :  1.00530e-08
 Reference value :  1.00770e-08
 Reference value :  1.00930e-08
 Reference value :  1.01030e-08
 Reference value :  1.01310e-08
 Reference value :  1.01530e-08
 Reference value :  1.01670e-08
 Reference value :  1.01870e-08
 Reference value :  1.02110e-08
 Reference value :  1.02270e-08
 Reference value :  1.02510e-08
 Reference value :  1.02730e-08
 Reference value :  1.02930e-08
 Reference value :  1.02990e-08
 Reference value :  1.03470e-08
 Reference value :  1.04270e-08
 Reference value :  1.04770e-08
 Reference value :  1.04810e-08
 Reference value :  1.05930e-08
 Reference value :  1.07690e-08
 Reference value :  1.09710e-08
 Reference value :  1.12290e-08
 Reference value :  1.14870e-08
 Reference value :  1.18430e-08
 Reference value :  1.22170e-08
 Reference value :  1.24810e-08
 Reference value :  1.27410e-08
 Reference value :  1.28990e-08
 Reference value :  1.30610e-08
 Reference value :  1.32430e-08
 Reference value :  1.35170e-08
 Reference value :  1.37170e-08
 Reference value :  1.38830e-08
 Reference value :  1.40790e-08
 Reference value :  1.43130e-08
 Reference value :  1.44770e-08
 Reference value :  1.46550e-08
 Reference value :  1.50310e-08
 Reference value :  1.53510e-08
 Reference value :  1.56030e-08
 Reference value :  1.59710e-08
 Reference value :  1.62910e-08
 Reference value :  1.64730e-08
 Reference value :  1.67190e-08
 Reference value :  1.70390e-08
 Reference value :  1.72890e-08
 Reference value :  1.76290e-08
 Reference value :  1.79570e-08
 Reference value :  1.82050e-08
 Reference value :  1.84070e-08
 Reference value :  1.85950e-08
 Reference value :  1.86750e-08
 Reference value :  1.89310e-08
 Reference value :  1.91450e-08
 Reference value :  1.95590e-08
 Reference value :  1.98030e-08
No. of Data Rows : 10014
t_rise              =  1.013892e-08
t_fall              =  1.125269e-08
Note: Simulation executed from .control section 
