Running parameters: PVT_Corners, MC_Variations, magic_area, magic_drc, netgen_lvs, klayout_drc_full
Generating simulation netlist from schematic…
Extracting pex netlist from layout…
Extracting layout netlist from layout…
Parameter PVT_Corners: Generating simulation files…
Parameter PVT_Corners: Running simulations…
Parameter PVT_Corners: Collecting results…
Parameter PVT_Corners: Saving simulation summary as '[repr.filename][link=file:///foss/designs/chipathon_2025/designs/ihp-sg13g2/edge_detector/runs/RUN_2026-02-26_17-44-04/parameters/PVT_Corners/simulation_summary.md]runs/RUN_2026-02-26_17-44-04/parameters/PVT_Corners/simulation_summary.md[/link][/repr.filename]'…
Parameter MC_Variations: Generating simulation files…
Collating results using condition "iterations"
Parameter MC_Variations: Running simulations…
Parameter MC_Variations: Collecting results…
Running user-defined script '[repr.filename][link=file:///foss/designs/chipathon_2025/designs/ihp-sg13g2/edge_detector/cace/scripts/mc_mean_std.py]cace/scripts/mc_mean_std.py[/link][/repr.filename]'…

### Monte Carlo Statistics Summary (mean ± 3σ estimate)
| Variable  |     Mean      |    Std Dev    |      μ−3σ     |      μ+3σ     |
|-----------|---------------|---------------|---------------|---------------|
| ton_MC    |    1.1554e-09 |    3.3619e-11 |    1.0546e-09 |    1.2563e-09 |
Markdown summary saved to: /foss/designs/chipathon_2025/designs/ihp-sg13g2/edge_detector/docs/edge_detector/schematic/stats_summary.md
Parameter MC_Variations: Saving simulation summary as '[repr.filename][link=file:///foss/designs/chipathon_2025/designs/ihp-sg13g2/edge_detector/runs/RUN_2026-02-26_17-44-04/parameters/MC_Variations/simulation_summary.md]runs/RUN_2026-02-26_17-44-04/parameters/MC_Variations/simulation_summary.md[/link][/repr.filename]'…
Running magic to get area measurements.
Running magic to get layout DRC report.
Magic DRC report at '[repr.filename][link=file:///foss/designs/chipathon_2025/designs/ihp-sg13g2/edge_detector/runs/RUN_2026-02-26_17-44-04/parameters/magic_drc/magic_drc.out]runs/RUN_2026-02-26_17-44-04/parameters/magic_drc/magic_drc.out[/link][/repr.filename]'…
Running netgen to get LVS report.
Netgen LVS report at '[repr.filename][link=file:///foss/designs/chipathon_2025/designs/ihp-sg13g2/edge_detector/runs/RUN_2026-02-26_17-44-04/parameters/netgen_lvs/edge_detector_comp.out]runs/RUN_2026-02-26_17-44-04/parameters/netgen_lvs/edge_detector_comp.out[/link][/repr.filename]'…
Running KLayout to get DRC report.
KLayout DRC report at '[repr.filename][link=file:///foss/designs/chipathon_2025/designs/ihp-sg13g2/edge_detector/runs/RUN_2026-02-26_17-44-04/parameters/klayout_drc_full/edge_detector_edge_detector_full.lyrdb]runs/RUN_2026-02-26_17-44-04/parameters/klayout_drc_full/edge_detector_edge_detector_full.lyrdb[/link][/repr.filename]'…
Done with CACE simulations and evaluations in 0:14:25.
