# Logfile created on 2026-02-26 17:58:10 +0100 by logger.rb/v1.5.3
2026-02-26 17:58:10 +0100: Memory Usage (437028K) : Starting running IHP-SG13G2 KLayout DRC runset on /foss/designs/chipathon_2025/designs/ihp-sg13g2/edge_detector/gds/edge_detector.gds
2026-02-26 17:58:10 +0100: Memory Usage (437028K) : Ruby Version for klayout: 3.2.3
2026-02-26 17:58:10 +0100: Memory Usage (438436K) : Loading database to memory is complete.
2026-02-26 17:58:10 +0100: Memory Usage (438564K) : IHP-SG13G2 KLayout DRC runset output at: /foss/designs/chipathon_2025/designs/ihp-sg13g2/edge_detector/runs/RUN_2026-02-26_17-44-04/parameters/klayout_drc_full/edge_detector_edge_detector_main.lyrdb
2026-02-26 17:58:10 +0100: Memory Usage (438692K) : Evaluate switches.
2026-02-26 17:58:10 +0100: Memory Usage (438692K) : tables selected: main
2026-02-26 17:58:10 +0100: Memory Usage (438692K) : KLayout will use 1 thread(s) in tiled mode.
2026-02-26 17:58:10 +0100: Memory Usage (438692K) : flat mode is enabled.
2026-02-26 17:58:10 +0100: Memory Usage (438692K) : FEOL enabled: true
2026-02-26 17:58:10 +0100: Memory Usage (438692K) : BEOL enabled: true
2026-02-26 17:58:10 +0100: Memory Usage (438692K) : OFFGRID enabled: true
2026-02-26 17:58:10 +0100: Memory Usage (438692K) : PIN enabled: true
2026-02-26 17:58:10 +0100: Memory Usage (438692K) : FORBIDDEN enabled: true
2026-02-26 17:58:10 +0100: Memory Usage (438692K) : RECOMMENDED enabled: true
2026-02-26 17:58:10 +0100: Memory Usage (438692K) : PreCheck DRC enabled: false
2026-02-26 17:58:10 +0100: Memory Usage (438692K) : CONNECTIVITY_RULES enabled: true.
2026-02-26 17:58:10 +0100: Memory Usage (438692K) : Read in polygons from layers.
2026-02-26 17:58:10 +0100: Memory Usage (439588K) : activ_drw has 14 polygons
2026-02-26 17:58:10 +0100: Memory Usage (439588K) : activ_pin has 0 polygons
2026-02-26 17:58:10 +0100: Memory Usage (439588K) : activ_mask has 0 polygons
2026-02-26 17:58:10 +0100: Memory Usage (439588K) : activ_filler has 0 polygons
2026-02-26 17:58:10 +0100: Memory Usage (439588K) : activ_nofill has 0 polygons
2026-02-26 17:58:10 +0100: Memory Usage (439588K) : activ_opc has 0 polygons
2026-02-26 17:58:10 +0100: Memory Usage (439588K) : activ_iopc has 0 polygons
2026-02-26 17:58:10 +0100: Memory Usage (439588K) : activ_noqrc has 0 polygons
2026-02-26 17:58:10 +0100: Memory Usage (439588K) : biwind_drw has 0 polygons
2026-02-26 17:58:10 +0100: Memory Usage (439588K) : biwind_opc has 0 polygons
2026-02-26 17:58:10 +0100: Memory Usage (439588K) : pemwind_drw has 0 polygons
2026-02-26 17:58:10 +0100: Memory Usage (439588K) : gatpoly_drw has 8 polygons
2026-02-26 17:58:10 +0100: Memory Usage (439716K) : gatpoly_pin has 8 polygons
2026-02-26 17:58:10 +0100: Memory Usage (439972K) : gatpoly_filler has 0 polygons
2026-02-26 17:58:10 +0100: Memory Usage (439972K) : gatpoly_nofill has 0 polygons
2026-02-26 17:58:10 +0100: Memory Usage (439972K) : gatpoly_opc has 0 polygons
2026-02-26 17:58:10 +0100: Memory Usage (440100K) : gatpoly_iopc has 0 polygons
2026-02-26 17:58:10 +0100: Memory Usage (440228K) : gatpoly_noqrc has 0 polygons
2026-02-26 17:58:10 +0100: Memory Usage (440356K) : cont_drw has 198 polygons
2026-02-26 17:58:10 +0100: Memory Usage (440484K) : cont_opc has 0 polygons
2026-02-26 17:58:10 +0100: Memory Usage (440612K) : nsd_drw has 0 polygons
2026-02-26 17:58:10 +0100: Memory Usage (440740K) : nsd_block has 0 polygons
2026-02-26 17:58:10 +0100: Memory Usage (440868K) : metal1_drw has 19 polygons
2026-02-26 17:58:10 +0100: Memory Usage (440996K) : metal1_pin has 17 polygons
2026-02-26 17:58:10 +0100: Memory Usage (441124K) : metal1_mask has 0 polygons
2026-02-26 17:58:10 +0100: Memory Usage (441252K) : metal1_filler has 0 polygons
2026-02-26 17:58:10 +0100: Memory Usage (441380K) : metal1_nofill has 0 polygons
2026-02-26 17:58:10 +0100: Memory Usage (441508K) : metal1_slit has 0 polygons
2026-02-26 17:58:10 +0100: Memory Usage (441764K) : metal1_text has 12 polygons
2026-02-26 17:58:10 +0100: Memory Usage (441764K) : metal1_opc has 0 polygons
2026-02-26 17:58:10 +0100: Memory Usage (441892K) : metal1_noqrc has 0 polygons
2026-02-26 17:58:10 +0100: Memory Usage (442020K) : metal1_res has 0 polygons
2026-02-26 17:58:10 +0100: Memory Usage (442148K) : metal1_iprobe has 0 polygons
2026-02-26 17:58:10 +0100: Memory Usage (442276K) : metal1_diffprb has 0 polygons
2026-02-26 17:58:10 +0100: Memory Usage (442276K) : passiv_drw has 0 polygons
2026-02-26 17:58:10 +0100: Memory Usage (442404K) : passiv_pin has 0 polygons
2026-02-26 17:58:10 +0100: Memory Usage (442532K) : passiv_sbump has 0 polygons
2026-02-26 17:58:10 +0100: Memory Usage (442660K) : passiv_pillar has 0 polygons
2026-02-26 17:58:10 +0100: Memory Usage (442788K) : passiv_pdl has 0 polygons
2026-02-26 17:58:10 +0100: Memory Usage (442916K) : metal2_drw has 7 polygons
2026-02-26 17:58:10 +0100: Memory Usage (442916K) : metal2_pin has 1 polygons
2026-02-26 17:58:10 +0100: Memory Usage (443044K) : metal2_mask has 0 polygons
2026-02-26 17:58:10 +0100: Memory Usage (443300K) : metal2_filler has 0 polygons
2026-02-26 17:58:10 +0100: Memory Usage (443300K) : metal2_nofill has 0 polygons
2026-02-26 17:58:10 +0100: Memory Usage (443428K) : metal2_slit has 0 polygons
2026-02-26 17:58:10 +0100: Memory Usage (443556K) : metal2_text has 1 polygons
2026-02-26 17:58:10 +0100: Memory Usage (443556K) : metal2_opc has 0 polygons
2026-02-26 17:58:10 +0100: Memory Usage (443684K) : metal2_noqrc has 0 polygons
2026-02-26 17:58:10 +0100: Memory Usage (443812K) : metal2_res has 0 polygons
2026-02-26 17:58:10 +0100: Memory Usage (443940K) : metal2_iprobe has 0 polygons
2026-02-26 17:58:10 +0100: Memory Usage (444068K) : metal2_diffprb has 0 polygons
2026-02-26 17:58:10 +0100: Memory Usage (444196K) : baspoly_drw has 0 polygons
2026-02-26 17:58:10 +0100: Memory Usage (444324K) : baspoly_pin has 0 polygons
2026-02-26 17:58:10 +0100: Memory Usage (444452K) : psd_drw has 2 polygons
2026-02-26 17:58:10 +0100: Memory Usage (444580K) : nldb_drw has 0 polygons
2026-02-26 17:58:10 +0100: Memory Usage (444708K) : digibnd_drw has 0 polygons
2026-02-26 17:58:10 +0100: Memory Usage (444836K) : via1_drw has 15 polygons
2026-02-26 17:58:10 +0100: Memory Usage (444964K) : backmetal1_drw has 0 polygons
2026-02-26 17:58:10 +0100: Memory Usage (445092K) : backmetal1_pin has 0 polygons
2026-02-26 17:58:10 +0100: Memory Usage (445220K) : backmetal1_mask has 0 polygons
2026-02-26 17:58:10 +0100: Memory Usage (445348K) : backmetal1_filler has 0 polygons
2026-02-26 17:58:10 +0100: Memory Usage (445476K) : backmetal1_nofill has 0 polygons
2026-02-26 17:58:10 +0100: Memory Usage (445604K) : backmetal1_slit has 0 polygons
2026-02-26 17:58:10 +0100: Memory Usage (445604K) : backmetal1_text has 0 polygons
2026-02-26 17:58:10 +0100: Memory Usage (445732K) : backmetal1_opc has 0 polygons
2026-02-26 17:58:10 +0100: Memory Usage (445860K) : backmetal1_noqrc has 0 polygons
2026-02-26 17:58:10 +0100: Memory Usage (445988K) : backmetal1_res has 0 polygons
2026-02-26 17:58:10 +0100: Memory Usage (445988K) : backmetal1_iprobe has 0 polygons
2026-02-26 17:58:10 +0100: Memory Usage (446116K) : backmetal1_diffprb has 0 polygons
2026-02-26 17:58:10 +0100: Memory Usage (446244K) : backpassiv_drw has 0 polygons
2026-02-26 17:58:10 +0100: Memory Usage (446372K) : res_drw has 0 polygons
2026-02-26 17:58:10 +0100: Memory Usage (446500K) : sram_drw has 0 polygons
2026-02-26 17:58:10 +0100: Memory Usage (446628K) : trans_drw has 0 polygons
2026-02-26 17:58:10 +0100: Memory Usage (446756K) : ind_drw has 0 polygons
2026-02-26 17:58:10 +0100: Memory Usage (446884K) : ind_pin has 0 polygons
2026-02-26 17:58:10 +0100: Memory Usage (447012K) : ind_text has 0 polygons
2026-02-26 17:58:10 +0100: Memory Usage (447012K) : salblock_drw has 0 polygons
2026-02-26 17:58:10 +0100: Memory Usage (447140K) : via2_drw has 0 polygons
2026-02-26 17:58:10 +0100: Memory Usage (447140K) : metal3_drw has 0 polygons
2026-02-26 17:58:10 +0100: Memory Usage (447140K) : metal3_pin has 0 polygons
2026-02-26 17:58:10 +0100: Memory Usage (447140K) : metal3_mask has 0 polygons
2026-02-26 17:58:10 +0100: Memory Usage (447140K) : metal3_filler has 0 polygons
2026-02-26 17:58:10 +0100: Memory Usage (447140K) : metal3_nofill has 0 polygons
2026-02-26 17:58:10 +0100: Memory Usage (447140K) : metal3_slit has 0 polygons
2026-02-26 17:58:10 +0100: Memory Usage (447140K) : metal3_text has 0 polygons
2026-02-26 17:58:10 +0100: Memory Usage (447140K) : metal3_opc has 0 polygons
2026-02-26 17:58:10 +0100: Memory Usage (447140K) : metal3_noqrc has 0 polygons
2026-02-26 17:58:10 +0100: Memory Usage (447140K) : metal3_res has 0 polygons
2026-02-26 17:58:10 +0100: Memory Usage (447140K) : metal3_iprobe has 0 polygons
2026-02-26 17:58:10 +0100: Memory Usage (447140K) : metal3_diffprb has 0 polygons
2026-02-26 17:58:10 +0100: Memory Usage (447140K) : nwell_drw has 1 polygons
2026-02-26 17:58:10 +0100: Memory Usage (447140K) : nwell_pin has 0 polygons
2026-02-26 17:58:10 +0100: Memory Usage (447140K) : nbulay_drw has 0 polygons
2026-02-26 17:58:10 +0100: Memory Usage (447140K) : nbulay_pin has 0 polygons
2026-02-26 17:58:10 +0100: Memory Usage (447140K) : nbulay_block has 0 polygons
2026-02-26 17:58:10 +0100: Memory Usage (447140K) : emwind_drw has 0 polygons
2026-02-26 17:58:10 +0100: Memory Usage (447140K) : emwind_opc has 0 polygons
2026-02-26 17:58:10 +0100: Memory Usage (447140K) : deepco_drw has 0 polygons
2026-02-26 17:58:10 +0100: Memory Usage (447140K) : deepco_drw has 0 polygons
2026-02-26 17:58:10 +0100: Memory Usage (447140K) : mim_drw has 0 polygons
2026-02-26 17:58:10 +0100: Memory Usage (447140K) : edgeseal_drw has 0 polygons
2026-02-26 17:58:10 +0100: Memory Usage (447140K) : edgeseal_bound has 0 polygons
2026-02-26 17:58:10 +0100: Memory Usage (447140K) : substrate_drw has 8 polygons
2026-02-26 17:58:10 +0100: Memory Usage (447140K) : substrate_text has 0 polygons
2026-02-26 17:58:10 +0100: Memory Usage (447140K) : dfpad_drw has 0 polygons
2026-02-26 17:58:10 +0100: Memory Usage (447140K) : dfpad_pillar has 0 polygons
2026-02-26 17:58:10 +0100: Memory Usage (447140K) : dfpad_sbump has 0 polygons
2026-02-26 17:58:10 +0100: Memory Usage (447140K) : thickgateox_drw has 0 polygons
2026-02-26 17:58:10 +0100: Memory Usage (447140K) : pldb_drw has 0 polygons
2026-02-26 17:58:10 +0100: Memory Usage (447140K) : pwell_drw has 0 polygons
2026-02-26 17:58:10 +0100: Memory Usage (447140K) : pwell_pin has 0 polygons
2026-02-26 17:58:10 +0100: Memory Usage (447140K) : pwell_block has 0 polygons
2026-02-26 17:58:10 +0100: Memory Usage (447140K) : ic_drw has 0 polygons
2026-02-26 17:58:10 +0100: Memory Usage (447140K) : via3_drw has 0 polygons
2026-02-26 17:58:10 +0100: Memory Usage (447140K) : metal4_drw has 0 polygons
2026-02-26 17:58:10 +0100: Memory Usage (447140K) : metal4_pin has 0 polygons
2026-02-26 17:58:10 +0100: Memory Usage (447140K) : metal4_mask has 0 polygons
2026-02-26 17:58:10 +0100: Memory Usage (447140K) : metal4_filler has 0 polygons
2026-02-26 17:58:10 +0100: Memory Usage (447140K) : metal4_nofill has 0 polygons
2026-02-26 17:58:10 +0100: Memory Usage (447140K) : metal4_slit has 0 polygons
2026-02-26 17:58:10 +0100: Memory Usage (447140K) : metal4_text has 0 polygons
2026-02-26 17:58:10 +0100: Memory Usage (447140K) : metal4_opc has 0 polygons
2026-02-26 17:58:10 +0100: Memory Usage (447140K) : metal4_noqrc has 0 polygons
2026-02-26 17:58:10 +0100: Memory Usage (447140K) : metal4_res has 0 polygons
2026-02-26 17:58:10 +0100: Memory Usage (447140K) : metal4_iprobe has 0 polygons
2026-02-26 17:58:10 +0100: Memory Usage (447140K) : metal4_diffprb has 0 polygons
2026-02-26 17:58:10 +0100: Memory Usage (447140K) : heattrans_drw has 16 polygons
2026-02-26 17:58:10 +0100: Memory Usage (447140K) : heatres_drw has 0 polygons
2026-02-26 17:58:10 +0100: Memory Usage (447140K) : pempoly_drw has 0 polygons
2026-02-26 17:58:10 +0100: Memory Usage (447140K) : fbe_drw has 0 polygons
2026-02-26 17:58:10 +0100: Memory Usage (447140K) : empoly_drw has 0 polygons
2026-02-26 17:58:10 +0100: Memory Usage (447140K) : ldmos_drw has 0 polygons
2026-02-26 17:58:10 +0100: Memory Usage (447140K) : pbiwind_drw has 0 polygons
2026-02-26 17:58:10 +0100: Memory Usage (447140K) : digisub_drw has 0 polygons
2026-02-26 17:58:10 +0100: Memory Usage (447140K) : nodrc_drw has 0 polygons
2026-02-26 17:58:10 +0100: Memory Usage (447140K) : text_drw has 17 polygons
2026-02-26 17:58:10 +0100: Memory Usage (447140K) : via4_drw has 0 polygons
2026-02-26 17:58:10 +0100: Memory Usage (447140K) : metal5_drw has 0 polygons
2026-02-26 17:58:10 +0100: Memory Usage (447140K) : metal5_pin has 0 polygons
2026-02-26 17:58:10 +0100: Memory Usage (447140K) : metal5_mask has 0 polygons
2026-02-26 17:58:10 +0100: Memory Usage (447140K) : metal5_filler has 0 polygons
2026-02-26 17:58:10 +0100: Memory Usage (447140K) : metal5_nofill has 0 polygons
2026-02-26 17:58:10 +0100: Memory Usage (447140K) : metal5_slit has 0 polygons
2026-02-26 17:58:10 +0100: Memory Usage (447140K) : metal5_text has 0 polygons
2026-02-26 17:58:10 +0100: Memory Usage (447140K) : metal5_opc has 0 polygons
2026-02-26 17:58:10 +0100: Memory Usage (447140K) : metal5_noqrc has 0 polygons
2026-02-26 17:58:10 +0100: Memory Usage (447140K) : metal5_res has 0 polygons
2026-02-26 17:58:10 +0100: Memory Usage (447140K) : metal5_iprobe has 0 polygons
2026-02-26 17:58:10 +0100: Memory Usage (447140K) : metal5_diffprb has 0 polygons
2026-02-26 17:58:10 +0100: Memory Usage (447140K) : radhard_drw has 0 polygons
2026-02-26 17:58:10 +0100: Memory Usage (447140K) : memcap_drw has 0 polygons
2026-02-26 17:58:10 +0100: Memory Usage (447140K) : varicap_drw has 0 polygons
2026-02-26 17:58:10 +0100: Memory Usage (447140K) : flash_drw has 0 polygons
2026-02-26 17:58:11 +0100: Memory Usage (447140K) : intbondvia_drw has 0 polygons
2026-02-26 17:58:11 +0100: Memory Usage (447140K) : intbondmet_drw has 0 polygons
2026-02-26 17:58:11 +0100: Memory Usage (447140K) : devbondvia_drw has 0 polygons
2026-02-26 17:58:11 +0100: Memory Usage (447140K) : devbondmet_drw has 0 polygons
2026-02-26 17:58:11 +0100: Memory Usage (447140K) : devtrench_drw has 0 polygons
2026-02-26 17:58:11 +0100: Memory Usage (447140K) : redist_drw has 0 polygons
2026-02-26 17:58:11 +0100: Memory Usage (447140K) : graphbot_drw has 0 polygons
2026-02-26 17:58:11 +0100: Memory Usage (447140K) : graphtop_drw has 0 polygons
2026-02-26 17:58:11 +0100: Memory Usage (447140K) : antvia1_drw has 0 polygons
2026-02-26 17:58:11 +0100: Memory Usage (447140K) : antmetal2_drw has 0 polygons
2026-02-26 17:58:11 +0100: Memory Usage (447140K) : graphcont_drw has 0 polygons
2026-02-26 17:58:11 +0100: Memory Usage (447140K) : siwg_drw has 0 polygons
2026-02-26 17:58:11 +0100: Memory Usage (447140K) : siwg_filler has 0 polygons
2026-02-26 17:58:11 +0100: Memory Usage (447140K) : siwg_nofill has 0 polygons
2026-02-26 17:58:11 +0100: Memory Usage (447268K) : sigrating_drw has 0 polygons
2026-02-26 17:58:11 +0100: Memory Usage (447268K) : singrating_drw has 0 polygons
2026-02-26 17:58:11 +0100: Memory Usage (447396K) : graphpas_drw has 0 polygons
2026-02-26 17:58:11 +0100: Memory Usage (447524K) : emwind3_drw has 0 polygons
2026-02-26 17:58:11 +0100: Memory Usage (447524K) : emwihv3_drw has 0 polygons
2026-02-26 17:58:11 +0100: Memory Usage (447524K) : redbulay_drw has 0 polygons
2026-02-26 17:58:11 +0100: Memory Usage (447524K) : smos_drw has 0 polygons
2026-02-26 17:58:11 +0100: Memory Usage (447524K) : graphpad_drw has 0 polygons
2026-02-26 17:58:11 +0100: Memory Usage (447524K) : polimide_drw has 0 polygons
2026-02-26 17:58:11 +0100: Memory Usage (447524K) : polimide_pin has 0 polygons
2026-02-26 17:58:11 +0100: Memory Usage (447524K) : recog_drw has 0 polygons
2026-02-26 17:58:11 +0100: Memory Usage (447524K) : recog_pin has 0 polygons
2026-02-26 17:58:11 +0100: Memory Usage (447524K) : recog_esd has 0 polygons
2026-02-26 17:58:11 +0100: Memory Usage (447524K) : recog_diode has 0 polygons
2026-02-26 17:58:11 +0100: Memory Usage (447524K) : recog_tsv has 0 polygons
2026-02-26 17:58:11 +0100: Memory Usage (447524K) : recog_iprobe has 0 polygons
2026-02-26 17:58:11 +0100: Memory Usage (447524K) : recog_diffprb has 0 polygons
2026-02-26 17:58:11 +0100: Memory Usage (447524K) : recog_pillar has 0 polygons
2026-02-26 17:58:11 +0100: Memory Usage (447524K) : recog_sbump has 0 polygons
2026-02-26 17:58:11 +0100: Memory Usage (447524K) : recog_otp has 0 polygons
2026-02-26 17:58:11 +0100: Memory Usage (447524K) : recog_pdiode has 0 polygons
2026-02-26 17:58:11 +0100: Memory Usage (447524K) : recog_mom has 0 polygons
2026-02-26 17:58:11 +0100: Memory Usage (447524K) : recog_pcm has 0 polygons
2026-02-26 17:58:11 +0100: Memory Usage (447524K) : colopen_drw has 0 polygons
2026-02-26 17:58:11 +0100: Memory Usage (447524K) : graphmetal1_drw has 0 polygons
2026-02-26 17:58:11 +0100: Memory Usage (447524K) : graphmetal1_filler has 0 polygons
2026-02-26 17:58:11 +0100: Memory Usage (447524K) : graphmetal1_nofill has 0 polygons
2026-02-26 17:58:11 +0100: Memory Usage (447524K) : graphmetal1_slit has 0 polygons
2026-02-26 17:58:11 +0100: Memory Usage (447524K) : graphmetal1_opc has 0 polygons
2026-02-26 17:58:11 +0100: Memory Usage (447524K) : graphmet1l_drw has 0 polygons
2026-02-26 17:58:11 +0100: Memory Usage (447524K) : graphmet1l_filler has 0 polygons
2026-02-26 17:58:11 +0100: Memory Usage (447524K) : graphmet1l_nofill has 0 polygons
2026-02-26 17:58:11 +0100: Memory Usage (447524K) : graphmet1l_slit has 0 polygons
2026-02-26 17:58:11 +0100: Memory Usage (447524K) : graphmet1l_opc has 0 polygons
2026-02-26 17:58:11 +0100: Memory Usage (447524K) : extblock_drw has 0 polygons
2026-02-26 17:58:11 +0100: Memory Usage (447524K) : nldd_drw has 0 polygons
2026-02-26 17:58:11 +0100: Memory Usage (447524K) : pldd_drw has 0 polygons
2026-02-26 17:58:11 +0100: Memory Usage (447524K) : next_drw has 0 polygons
2026-02-26 17:58:11 +0100: Memory Usage (447524K) : pext_drw has 0 polygons
2026-02-26 17:58:11 +0100: Memory Usage (447524K) : nexthv_drw has 0 polygons
2026-02-26 17:58:11 +0100: Memory Usage (447524K) : pexthv_drw has 0 polygons
2026-02-26 17:58:11 +0100: Memory Usage (447524K) : graphgate_drw has 0 polygons
2026-02-26 17:58:11 +0100: Memory Usage (447524K) : sinwg_drw has 0 polygons
2026-02-26 17:58:11 +0100: Memory Usage (447524K) : sinwg_filler has 0 polygons
2026-02-26 17:58:11 +0100: Memory Usage (447524K) : sinwg_nofill has 0 polygons
2026-02-26 17:58:11 +0100: Memory Usage (447524K) : mempad_drw has 0 polygons
2026-02-26 17:58:11 +0100: Memory Usage (447524K) : topvia1_drw has 0 polygons
2026-02-26 17:58:11 +0100: Memory Usage (447524K) : topmetal1_drw has 0 polygons
2026-02-26 17:58:11 +0100: Memory Usage (447524K) : topmetal1_pin has 0 polygons
2026-02-26 17:58:11 +0100: Memory Usage (447524K) : topmetal1_mask has 0 polygons
2026-02-26 17:58:11 +0100: Memory Usage (447524K) : topmetal1_filler has 0 polygons
2026-02-26 17:58:11 +0100: Memory Usage (447524K) : topmetal1_nofill has 0 polygons
2026-02-26 17:58:11 +0100: Memory Usage (447524K) : topmetal1_slit has 0 polygons
2026-02-26 17:58:11 +0100: Memory Usage (447524K) : topmetal1_text has 0 polygons
2026-02-26 17:58:11 +0100: Memory Usage (447524K) : topmetal1_noqrc has 0 polygons
2026-02-26 17:58:11 +0100: Memory Usage (447524K) : topmetal1_res has 0 polygons
2026-02-26 17:58:11 +0100: Memory Usage (447524K) : topmetal1_iprobe has 0 polygons
2026-02-26 17:58:11 +0100: Memory Usage (447524K) : topmetal1_diffprb has 0 polygons
2026-02-26 17:58:11 +0100: Memory Usage (447524K) : inldpwl_drw has 0 polygons
2026-02-26 17:58:11 +0100: Memory Usage (447524K) : polyres_drw has 0 polygons
2026-02-26 17:58:11 +0100: Memory Usage (447524K) : polyres_pin has 0 polygons
2026-02-26 17:58:11 +0100: Memory Usage (447524K) : vmim_drw has 0 polygons
2026-02-26 17:58:11 +0100: Memory Usage (447524K) : nbulaycut_drw has 0 polygons
2026-02-26 17:58:11 +0100: Memory Usage (447524K) : antmetal1_drw has 0 polygons
2026-02-26 17:58:11 +0100: Memory Usage (447524K) : topvia2_drw has 0 polygons
2026-02-26 17:58:11 +0100: Memory Usage (447524K) : topmetal2_drw has 0 polygons
2026-02-26 17:58:11 +0100: Memory Usage (447524K) : topmetal2_pin has 0 polygons
2026-02-26 17:58:11 +0100: Memory Usage (447524K) : topmetal2_mask has 0 polygons
2026-02-26 17:58:11 +0100: Memory Usage (447524K) : topmetal2_filler has 0 polygons
2026-02-26 17:58:11 +0100: Memory Usage (447524K) : topmetal2_nofill has 0 polygons
2026-02-26 17:58:11 +0100: Memory Usage (447524K) : topmetal2_slit has 0 polygons
2026-02-26 17:58:11 +0100: Memory Usage (447524K) : topmetal2_text has 0 polygons
2026-02-26 17:58:12 +0100: Memory Usage (447524K) : topmetal2_noqrc has 0 polygons
2026-02-26 17:58:12 +0100: Memory Usage (447524K) : topmetal2_res has 0 polygons
2026-02-26 17:58:12 +0100: Memory Usage (447524K) : topmetal2_iprobe has 0 polygons
2026-02-26 17:58:12 +0100: Memory Usage (447524K) : topmetal2_diffprb has 0 polygons
2026-02-26 17:58:12 +0100: Memory Usage (447524K) : snsring_drw has 0 polygons
2026-02-26 17:58:12 +0100: Memory Usage (447524K) : sensor_drw has 0 polygons
2026-02-26 17:58:12 +0100: Memory Usage (447524K) : snsarms_drw has 0 polygons
2026-02-26 17:58:12 +0100: Memory Usage (447524K) : snscmosvia_drw has 0 polygons
2026-02-26 17:58:12 +0100: Memory Usage (447524K) : colwind_drw has 0 polygons
2026-02-26 17:58:12 +0100: Memory Usage (447524K) : flm_drw has 0 polygons
2026-02-26 17:58:12 +0100: Memory Usage (447524K) : hafniumox_drw has 0 polygons
2026-02-26 17:58:12 +0100: Memory Usage (447524K) : memvia_drw has 0 polygons
2026-02-26 17:58:12 +0100: Memory Usage (447524K) : thinfilmres_drw has 0 polygons
2026-02-26 17:58:12 +0100: Memory Usage (447524K) : rfmem_drw has 0 polygons
2026-02-26 17:58:12 +0100: Memory Usage (447524K) : norcx_drw has 0 polygons
2026-02-26 17:58:12 +0100: Memory Usage (447524K) : norcx_m2m3 has 0 polygons
2026-02-26 17:58:12 +0100: Memory Usage (447524K) : norcx_m2m4 has 0 polygons
2026-02-26 17:58:12 +0100: Memory Usage (447524K) : norcx_m2m5 has 0 polygons
2026-02-26 17:58:12 +0100: Memory Usage (447524K) : norcx_m2tm1 has 0 polygons
2026-02-26 17:58:12 +0100: Memory Usage (447524K) : norcx_m2tm2 has 0 polygons
2026-02-26 17:58:12 +0100: Memory Usage (447524K) : norcx_m3m4 has 0 polygons
2026-02-26 17:58:12 +0100: Memory Usage (447524K) : norcx_m3m5 has 0 polygons
2026-02-26 17:58:12 +0100: Memory Usage (447524K) : norcx_m3tm1 has 0 polygons
2026-02-26 17:58:12 +0100: Memory Usage (447524K) : norcx_m3tm2 has 0 polygons
2026-02-26 17:58:12 +0100: Memory Usage (447524K) : norcx_m4m5 has 0 polygons
2026-02-26 17:58:12 +0100: Memory Usage (447524K) : norcx_m4tm1 has 0 polygons
2026-02-26 17:58:12 +0100: Memory Usage (447524K) : norcx_m4tm2 has 0 polygons
2026-02-26 17:58:12 +0100: Memory Usage (447524K) : norcx_m5tm1 has 0 polygons
2026-02-26 17:58:12 +0100: Memory Usage (447524K) : norcx_m5tm2 has 0 polygons
2026-02-26 17:58:12 +0100: Memory Usage (447524K) : norcx_tm1tm2 has 0 polygons
2026-02-26 17:58:12 +0100: Memory Usage (447524K) : norcx_m1sub has 0 polygons
2026-02-26 17:58:12 +0100: Memory Usage (447524K) : norcx_m2sub has 0 polygons
2026-02-26 17:58:12 +0100: Memory Usage (447524K) : norcx_m3sub has 0 polygons
2026-02-26 17:58:12 +0100: Memory Usage (447524K) : norcx_m4sub has 0 polygons
2026-02-26 17:58:12 +0100: Memory Usage (447524K) : norcx_m5sub has 0 polygons
2026-02-26 17:58:12 +0100: Memory Usage (447524K) : norcx_tm1sub has 0 polygons
2026-02-26 17:58:12 +0100: Memory Usage (447524K) : norcx_tm2sub has 0 polygons
2026-02-26 17:58:12 +0100: Memory Usage (447524K) : snsbotvia_drw has 0 polygons
2026-02-26 17:58:12 +0100: Memory Usage (447524K) : snstopvia_drw has 0 polygons
2026-02-26 17:58:12 +0100: Memory Usage (447524K) : deepvia_drw has 0 polygons
2026-02-26 17:58:12 +0100: Memory Usage (447524K) : fgetch_drw has 0 polygons
2026-02-26 17:58:12 +0100: Memory Usage (447524K) : ctrgat_drw has 0 polygons
2026-02-26 17:58:12 +0100: Memory Usage (447524K) : fgimp_drw has 0 polygons
2026-02-26 17:58:12 +0100: Memory Usage (447524K) : emwihv_drw has 0 polygons
2026-02-26 17:58:12 +0100: Memory Usage (447524K) : lbe_drw has 0 polygons
2026-02-26 17:58:12 +0100: Memory Usage (447524K) : alcustop_drw has 0 polygons
2026-02-26 17:58:12 +0100: Memory Usage (447524K) : nometfiller_drw has 0 polygons
2026-02-26 17:58:12 +0100: Memory Usage (447524K) : prboundary_drw has 0 polygons
2026-02-26 17:58:12 +0100: Memory Usage (447524K) : exchange0_drw has 0 polygons
2026-02-26 17:58:12 +0100: Memory Usage (447524K) : exchange0_pin has 0 polygons
2026-02-26 17:58:12 +0100: Memory Usage (447524K) : exchange0_text has 0 polygons
2026-02-26 17:58:12 +0100: Memory Usage (447524K) : exchange1_drw has 0 polygons
2026-02-26 17:58:12 +0100: Memory Usage (447524K) : exchange1_pin has 0 polygons
2026-02-26 17:58:12 +0100: Memory Usage (447524K) : exchange1_text has 0 polygons
2026-02-26 17:58:12 +0100: Memory Usage (447524K) : exchange2_drw has 0 polygons
2026-02-26 17:58:12 +0100: Memory Usage (447524K) : exchange2_pin has 0 polygons
2026-02-26 17:58:12 +0100: Memory Usage (447524K) : exchange2_text has 0 polygons
2026-02-26 17:58:12 +0100: Memory Usage (447524K) : exchange3_drw has 0 polygons
2026-02-26 17:58:12 +0100: Memory Usage (447524K) : exchange3_pin has 0 polygons
2026-02-26 17:58:12 +0100: Memory Usage (447524K) : exchange3_text has 0 polygons
2026-02-26 17:58:12 +0100: Memory Usage (447524K) : exchange4_drw has 0 polygons
2026-02-26 17:58:12 +0100: Memory Usage (447524K) : exchange4_pin has 0 polygons
2026-02-26 17:58:12 +0100: Memory Usage (447524K) : exchange4_text has 0 polygons
2026-02-26 17:58:12 +0100: Memory Usage (447524K) : isonwell_drw has 0 polygons
2026-02-26 17:58:12 +0100: Memory Usage (447524K) : Total no. of polygons in the design is 344
2026-02-26 17:58:12 +0100: Memory Usage (447524K) : Loaded TECH DRC rules values from /foss/pdks/ihp-sg13g2/libs.tech/klayout/python/sg13g2_pycell_lib/sg13g2_tech_mod.json
2026-02-26 17:58:12 +0100: Memory Usage (447524K) : Loaded default DRC rules values from /foss/pdks/ihp-sg13g2/libs.tech/klayout/tech/drc/rule_decks/sg13g2_tech_default.json
2026-02-26 17:58:12 +0100: Memory Usage (447524K) : The following rules values were missing in tech json and default values were used:
2026-02-26 17:58:12 +0100: Memory Usage (447524K) :   - Cnt_c_digibnd
2026-02-26 17:58:12 +0100: Memory Usage (447524K) : Total area of the design is 70.1121 um^2.
2026-02-26 17:58:12 +0100: Memory Usage (447524K) : The design dimensions are 11.345 µm * 6.18 µm.
2026-02-26 17:58:12 +0100: Memory Usage (447524K) : Starting general IHP-SG13G2 derivations.
2026-02-26 17:58:12 +0100: Memory Usage (447524K) : Starting Pwell derivations
2026-02-26 17:58:12 +0100: Memory Usage (447524K) : Starting n-Activ derivations
2026-02-26 17:58:12 +0100: Memory Usage (447524K) : Starting p-Activ derivations
2026-02-26 17:58:12 +0100: Memory Usage (447524K) : Starting ptap derivations
2026-02-26 17:58:12 +0100: Memory Usage (447524K) : Starting ntap derivations
2026-02-26 17:58:12 +0100: Memory Usage (447524K) : Starting pact FET derivations
2026-02-26 17:58:12 +0100: Memory Usage (447652K) : Starting nact FET derivations
2026-02-26 17:58:12 +0100: Memory Usage (447652K) : Starting Gate derivations
2026-02-26 17:58:12 +0100: Memory Usage (447652K) : Starting cont/contbar general derivations
2026-02-26 17:58:12 +0100: Memory Usage (447780K) : Starting pad general derivations
2026-02-26 17:58:12 +0100: Memory Usage (447780K) : Starting IHP-SG13G2 DRC connectivity related derivations.
2026-02-26 17:58:12 +0100: Memory Usage (447780K) : Starting IHP-SG13G2 DRC connectivity setup
2026-02-26 17:58:12 +0100: Memory Usage (448932K) : Starting IHP-SG13G2 DRC rules.
2026-02-26 17:58:12 +0100: Memory Usage (448932K) : Running all FEOL rules
2026-02-26 17:58:12 +0100: Memory Usage (448932K) : Running all BEOL rules
2026-02-26 17:58:12 +0100: Memory Usage (448932K) : Running all PIN rules
2026-02-26 17:58:12 +0100: Memory Usage (448932K) : Running all FORBIDDEN rules
2026-02-26 17:58:12 +0100: Memory Usage (448932K) : Starting 5.1 NWell table
2026-02-26 17:58:12 +0100: Memory Usage (448932K) : Executing rule NW.b
2026-02-26 17:58:12 +0100: Memory Usage (449828K) : Executing rule NW.b1
2026-02-26 17:58:12 +0100: Memory Usage (449828K) : Starting 5.2 PWell:block
2026-02-26 17:58:12 +0100: Memory Usage (449828K) : Executing rule PWB.e
2026-02-26 17:58:12 +0100: Memory Usage (449828K) : Executing rule PWB.e1
2026-02-26 17:58:12 +0100: Memory Usage (449828K) : Executing rule PWB.f
2026-02-26 17:58:12 +0100: Memory Usage (449828K) : Executing rule PWB.f1
2026-02-26 17:58:12 +0100: Memory Usage (449828K) : Starting 5.3 nBuLay table
2026-02-26 17:58:12 +0100: Memory Usage (450084K) : Executing rule NBL.b
2026-02-26 17:58:12 +0100: Memory Usage (450084K) : Executing rule NBL.c
2026-02-26 17:58:12 +0100: Memory Usage (450084K) : Executing rule NBL.d
2026-02-26 17:58:12 +0100: Memory Usage (450084K) : Executing rule NBL.e
2026-02-26 17:58:12 +0100: Memory Usage (450084K) : Executing rule NBL.f
2026-02-26 17:58:12 +0100: Memory Usage (450084K) : Starting 5.5. Activ table
2026-02-26 17:58:12 +0100: Memory Usage (450084K) : Executing rule Act.a
2026-02-26 17:58:12 +0100: Memory Usage (450084K) : Executing rule Act.b
2026-02-26 17:58:12 +0100: Memory Usage (450212K) : Starting 5.6 Activ:filler table
2026-02-26 17:58:12 +0100: Memory Usage (450212K) : Executing rule AFil.c1
2026-02-26 17:58:12 +0100: Memory Usage (450212K) : Executing rule AFil.c
2026-02-26 17:58:12 +0100: Memory Usage (450212K) : Executing rule AFil.d
2026-02-26 17:58:12 +0100: Memory Usage (450212K) : Executing rule AFil.e
2026-02-26 17:58:12 +0100: Memory Usage (450212K) : Executing rule AFil.j
2026-02-26 17:58:12 +0100: Memory Usage (450212K) : Starting 5.7. ThickGateOx table
2026-02-26 17:58:12 +0100: Memory Usage (450212K) : Executing rule TGO.f
2026-02-26 17:58:12 +0100: Memory Usage (450212K) : Starting 5.8. GatPoly table
2026-02-26 17:58:12 +0100: Memory Usage (450212K) : Executing rule Gat.a
2026-02-26 17:58:12 +0100: Memory Usage (450212K) : Executing rule Gat.b
2026-02-26 17:58:12 +0100: Memory Usage (450212K) : Executing rule Gat.d
2026-02-26 17:58:12 +0100: Memory Usage (450212K) : Executing rule Gat.a1
2026-02-26 17:58:12 +0100: Memory Usage (450340K) : Executing rule Gat.a2
2026-02-26 17:58:12 +0100: Memory Usage (450340K) : Executing rule Gat.g
2026-02-26 17:58:12 +0100: Memory Usage (450340K) : Starting 5.9 GatPoly:filler
2026-02-26 17:58:12 +0100: Memory Usage (450340K) : Executing rule GFil.d
2026-02-26 17:58:12 +0100: Memory Usage (450340K) : Executing rule GFil.e
2026-02-26 17:58:12 +0100: Memory Usage (450340K) : Executing rule GFil.i
2026-02-26 17:58:12 +0100: Memory Usage (450340K) : Starting 5.10 pSD table
2026-02-26 17:58:12 +0100: Memory Usage (450340K) : Executing rule pSD.c1
2026-02-26 17:58:12 +0100: Memory Usage (450340K) : Starting 5.14. Cont table
2026-02-26 17:58:12 +0100: Memory Usage (450340K) : Executing rule Cnt.a
2026-02-26 17:58:12 +0100: Memory Usage (450340K) : Executing rule Cnt.b
2026-02-26 17:58:12 +0100: Memory Usage (450468K) : Executing rule Cnt.c
2026-02-26 17:58:12 +0100: Memory Usage (450468K) : Executing rule Cnt.c
2026-02-26 17:58:12 +0100: Memory Usage (450468K) : Executing rule Cnt.d
2026-02-26 17:58:12 +0100: Memory Usage (450468K) : Executing rule Cnt.e
2026-02-26 17:58:12 +0100: Memory Usage (450468K) : Executing rule Cnt.g1
2026-02-26 17:58:12 +0100: Memory Usage (450468K) : Executing rule Cnt.g2
2026-02-26 17:58:13 +0100: Memory Usage (450468K) : Starting 5.15. ContBar table
2026-02-26 17:58:13 +0100: Memory Usage (450468K) : Executing rule CntB.b1
2026-02-26 17:58:13 +0100: Memory Usage (450468K) : Executing rule CntB.h1
2026-02-26 17:58:13 +0100: Memory Usage (450468K) : Starting 6.1.3 NPN Substrate-Tie table
2026-02-26 17:58:13 +0100: Memory Usage (450468K) : Executing rule npn13G2.bR 
2026-02-26 17:58:13 +0100: Memory Usage (450468K) : Executing rule npn13G2L.cR 
2026-02-26 17:58:13 +0100: Memory Usage (450468K) : Executing rule npn13G2V.cR 
2026-02-26 17:58:13 +0100: Memory Usage (450468K) : Starting 6.7 Schottky diode table
2026-02-26 17:58:13 +0100: Memory Usage (450468K) : Executing rule Sdiod.d
2026-02-26 17:58:13 +0100: Memory Usage (450468K) : Executing rule Sdiod.e
2026-02-26 17:58:13 +0100: Memory Usage (450468K) : Starting 7.2 Latch-up table
2026-02-26 17:58:13 +0100: Memory Usage (450468K) : Executing rule LU.b
2026-02-26 17:58:13 +0100: Memory Usage (450468K) : Starting 5.16. Metal1 table
2026-02-26 17:58:13 +0100: Memory Usage (450468K) : Executing rule M1.a
2026-02-26 17:58:13 +0100: Memory Usage (450468K) : Executing rule M1.b
2026-02-26 17:58:13 +0100: Memory Usage (450468K) : Executing rule M1.e
2026-02-26 17:58:13 +0100: Memory Usage (450468K) : Executing rule M1.f
2026-02-26 17:58:13 +0100: Memory Usage (450468K) : Executing rule M1.g
2026-02-26 17:58:13 +0100: Memory Usage (450596K) : Executing rule M1.i
2026-02-26 17:58:13 +0100: Memory Usage (450596K) : Starting 5.17 Metaln table
2026-02-26 17:58:13 +0100: Memory Usage (450596K) : Executing rule M2.a
2026-02-26 17:58:13 +0100: Memory Usage (450596K) : Executing rule M2.b
2026-02-26 17:58:13 +0100: Memory Usage (450596K) : Executing rule M2.e
2026-02-26 17:58:13 +0100: Memory Usage (450596K) : Executing rule M2.f
2026-02-26 17:58:13 +0100: Memory Usage (450596K) : Executing rule M2.g
2026-02-26 17:58:13 +0100: Memory Usage (450596K) : Executing rule M2.i
2026-02-26 17:58:13 +0100: Memory Usage (450596K) : Executing rule M3.a
2026-02-26 17:58:13 +0100: Memory Usage (450596K) : Executing rule M3.b
2026-02-26 17:58:13 +0100: Memory Usage (450596K) : Executing rule M3.e
2026-02-26 17:58:13 +0100: Memory Usage (450596K) : Executing rule M3.f
2026-02-26 17:58:13 +0100: Memory Usage (450596K) : Executing rule M3.g
2026-02-26 17:58:13 +0100: Memory Usage (450596K) : Executing rule M3.i
2026-02-26 17:58:13 +0100: Memory Usage (450724K) : Executing rule M4.a
2026-02-26 17:58:13 +0100: Memory Usage (450724K) : Executing rule M4.b
2026-02-26 17:58:13 +0100: Memory Usage (450852K) : Executing rule M4.e
2026-02-26 17:58:13 +0100: Memory Usage (451108K) : Executing rule M4.f
2026-02-26 17:58:13 +0100: Memory Usage (451364K) : Executing rule M4.g
2026-02-26 17:58:13 +0100: Memory Usage (451620K) : Executing rule M4.i
2026-02-26 17:58:13 +0100: Memory Usage (452004K) : Executing rule M5.a
2026-02-26 17:58:13 +0100: Memory Usage (452132K) : Executing rule M5.b
2026-02-26 17:58:13 +0100: Memory Usage (452260K) : Executing rule M5.e
2026-02-26 17:58:13 +0100: Memory Usage (452516K) : Executing rule M5.f
2026-02-26 17:58:13 +0100: Memory Usage (452772K) : Executing rule M5.g
2026-02-26 17:58:13 +0100: Memory Usage (453028K) : Executing rule M5.i
2026-02-26 17:58:13 +0100: Memory Usage (453412K) : Starting 5.18 Metaln:filler table
2026-02-26 17:58:13 +0100: Memory Usage (453412K) : Executing rule M1Fil.c
2026-02-26 17:58:13 +0100: Memory Usage (453540K) : Executing rule M1Fil.a2
2026-02-26 17:58:13 +0100: Memory Usage (453540K) : Executing rule M2Fil.c
2026-02-26 17:58:13 +0100: Memory Usage (453540K) : Executing rule M2Fil.a2
2026-02-26 17:58:13 +0100: Memory Usage (453540K) : Executing rule M3Fil.c
2026-02-26 17:58:13 +0100: Memory Usage (453540K) : Executing rule M3Fil.a2
2026-02-26 17:58:13 +0100: Memory Usage (453540K) : Executing rule M4Fil.c
2026-02-26 17:58:13 +0100: Memory Usage (453540K) : Executing rule M4Fil.a2
2026-02-26 17:58:13 +0100: Memory Usage (453540K) : Executing rule M5Fil.c
2026-02-26 17:58:13 +0100: Memory Usage (453540K) : Executing rule M5Fil.a2
2026-02-26 17:58:13 +0100: Memory Usage (453540K) : Starting 5.19. Via1 table
2026-02-26 17:58:13 +0100: Memory Usage (453540K) : Starting 5.19. Via1 table derivations
2026-02-26 17:58:13 +0100: Memory Usage (453540K) : Executing rule V1.a
2026-02-26 17:58:13 +0100: Memory Usage (453540K) : Executing rule V1.b
2026-02-26 17:58:13 +0100: Memory Usage (453540K) : Executing rule V1.c
2026-02-26 17:58:13 +0100: Memory Usage (453540K) : Starting 5.20. Vian table
2026-02-26 17:58:13 +0100: Memory Usage (453540K) : Executing rule V2.a
2026-02-26 17:58:13 +0100: Memory Usage (453540K) : Executing rule V2.b
2026-02-26 17:58:13 +0100: Memory Usage (453540K) : Executing rule V2.c
2026-02-26 17:58:13 +0100: Memory Usage (453540K) : Executing rule V3.a
2026-02-26 17:58:13 +0100: Memory Usage (453540K) : Executing rule V3.b
2026-02-26 17:58:13 +0100: Memory Usage (453540K) : Executing rule V3.c
2026-02-26 17:58:13 +0100: Memory Usage (453540K) : Executing rule V4.a
2026-02-26 17:58:13 +0100: Memory Usage (453540K) : Executing rule V4.b
2026-02-26 17:58:13 +0100: Memory Usage (453540K) : Executing rule V4.c
2026-02-26 17:58:13 +0100: Memory Usage (453540K) : Starting 5.21. TopVia1 table
2026-02-26 17:58:13 +0100: Memory Usage (453540K) : Executing rule TV1.a
2026-02-26 17:58:13 +0100: Memory Usage (453540K) : Executing rule TV1.b
2026-02-26 17:58:13 +0100: Memory Usage (453540K) : Executing rule TV1.c
2026-02-26 17:58:13 +0100: Memory Usage (453540K) : Executing rule TV1.d
2026-02-26 17:58:13 +0100: Memory Usage (453540K) : Starting 5.22. TopMetal1 table
2026-02-26 17:58:13 +0100: Memory Usage (453540K) : Executing rule TM1.a
2026-02-26 17:58:13 +0100: Memory Usage (453540K) : Executing rule TM1.b
2026-02-26 17:58:13 +0100: Memory Usage (453540K) : Starting 5.23 TopMetal1:filler table
2026-02-26 17:58:13 +0100: Memory Usage (453540K) : Executing rule TM1Fil.c
2026-02-26 17:58:13 +0100: Memory Usage (453540K) : Executing rule TM1Fil.a1
2026-02-26 17:58:13 +0100: Memory Usage (453540K) : Starting 5.24. TopVia2 table
2026-02-26 17:58:13 +0100: Memory Usage (453540K) : Executing rule TV2.a
2026-02-26 17:58:13 +0100: Memory Usage (453540K) : Executing rule TV2.b
2026-02-26 17:58:13 +0100: Memory Usage (453540K) : Executing rule TV2.c
2026-02-26 17:58:14 +0100: Memory Usage (453540K) : Executing rule TV2.d
2026-02-26 17:58:14 +0100: Memory Usage (453540K) : Starting 5.25. TopMetal2 table
2026-02-26 17:58:14 +0100: Memory Usage (453540K) : Executing rule TM2.a
2026-02-26 17:58:14 +0100: Memory Usage (453540K) : Executing rule TM2.b
2026-02-26 17:58:14 +0100: Memory Usage (453540K) : Executing rule TM2.bR
2026-02-26 17:58:14 +0100: Memory Usage (453540K) : Starting 5.26 TopMetal2:filler table
2026-02-26 17:58:14 +0100: Memory Usage (453540K) : Executing rule TM2Fil.c
2026-02-26 17:58:14 +0100: Memory Usage (453540K) : Executing rule TM2Fil.a1
2026-02-26 17:58:14 +0100: Memory Usage (453540K) : Starting 5.27. Passiv table
2026-02-26 17:58:14 +0100: Memory Usage (453540K) : Executing rule Pas.a
2026-02-26 17:58:14 +0100: Memory Usage (453540K) : Executing rule Pas.b
2026-02-26 17:58:14 +0100: Memory Usage (453540K) : Executing rule Pas.c
2026-02-26 17:58:14 +0100: Memory Usage (453540K) : Starting 6.9.2 Copper Pillar table
2026-02-26 17:58:14 +0100: Memory Usage (453540K) : Executing rule Padc.a
2026-02-26 17:58:14 +0100: Memory Usage (453540K) : Executing rule Padc.b
2026-02-26 17:58:14 +0100: Memory Usage (453540K) : Executing rule Padc.c
2026-02-26 17:58:14 +0100: Memory Usage (453540K) : Executing rule Padb.f
2026-02-26 17:58:14 +0100: Memory Usage (453540K) : Starting 6.9 Pad table
2026-02-26 17:58:14 +0100: Memory Usage (453540K) : Executing rule Pad.m
2026-02-26 17:58:14 +0100: Memory Usage (453540K) : Executing rule Pad.fR_M1
2026-02-26 17:58:14 +0100: Memory Usage (453540K) : Executing rule Pad.fR_M2
2026-02-26 17:58:14 +0100: Memory Usage (453540K) : Executing rule Pad.fR_M3
2026-02-26 17:58:14 +0100: Memory Usage (453540K) : Executing rule Pad.fR_M4
2026-02-26 17:58:14 +0100: Memory Usage (453540K) : Executing rule Pad.fR_M5
2026-02-26 17:58:14 +0100: Memory Usage (453540K) : Executing rule Pad.fR_TM1
2026-02-26 17:58:14 +0100: Memory Usage (453540K) : Executing rule Pad.fR_TM2
2026-02-26 17:58:14 +0100: Memory Usage (453540K) : Executing rule Pad.i
2026-02-26 17:58:14 +0100: Memory Usage (453540K) : Starting 6.9.1 Solder Bump
2026-02-26 17:58:14 +0100: Memory Usage (453540K) : Executing rule Padb.a
2026-02-26 17:58:14 +0100: Memory Usage (453540K) : Executing rule Padb.b
2026-02-26 17:58:14 +0100: Memory Usage (453540K) : Executing rule Padb.c
2026-02-26 17:58:14 +0100: Memory Usage (453540K) : Executing rule Padb.f
2026-02-26 17:58:14 +0100: Memory Usage (453540K) : Executing rule Padb.d
2026-02-26 17:58:14 +0100: Memory Usage (453540K) : Starting 6.10 Sealring table
2026-02-26 17:58:14 +0100: Memory Usage (453540K) : Executing rule Seal.l
2026-02-26 17:58:14 +0100: Memory Usage (453540K) : Executing rule Seal.n
2026-02-26 17:58:14 +0100: Memory Usage (453540K) : Executing rule seal.b_metal1
2026-02-26 17:58:14 +0100: Memory Usage (453540K) : Executing rule seal.b_metal2
2026-02-26 17:58:14 +0100: Memory Usage (453540K) : Executing rule seal.b_metal3
2026-02-26 17:58:14 +0100: Memory Usage (453540K) : Executing rule seal.b_metal4
2026-02-26 17:58:14 +0100: Memory Usage (453540K) : Executing rule seal.b_metal5
2026-02-26 17:58:14 +0100: Memory Usage (453540K) : Executing rule seal.b_topmetal1
2026-02-26 17:58:14 +0100: Memory Usage (453540K) : Executing rule seal.b_topmetal2
2026-02-26 17:58:14 +0100: Memory Usage (453540K) : Executing rule seal.b_activ
2026-02-26 17:58:14 +0100: Memory Usage (453540K) : Executing rule seal.b_psd
2026-02-26 17:58:14 +0100: Memory Usage (453540K) : Executing rule Seal.k
2026-02-26 17:58:14 +0100: Memory Usage (453540K) : Executing rule Seal.m
2026-02-26 17:58:14 +0100: Memory Usage (453540K) : Starting 6.11 MIM table
2026-02-26 17:58:14 +0100: Memory Usage (453540K) : Executing rule MIM.c
2026-02-26 17:58:14 +0100: Memory Usage (453540K) : Executing rule MIM.d
2026-02-26 17:58:14 +0100: Memory Usage (453540K) : Executing rule MIM.gR
2026-02-26 17:58:14 +0100: Memory Usage (453540K) : Starting 7.3 Metal Slits table
2026-02-26 17:58:14 +0100: Memory Usage (453540K) : Executing rule Slt.e1_M1
2026-02-26 17:58:14 +0100: Memory Usage (453540K) : Executing rule Slt.e1_M2
2026-02-26 17:58:14 +0100: Memory Usage (453540K) : Executing rule Slt.e1_M3
2026-02-26 17:58:14 +0100: Memory Usage (453540K) : Executing rule Slt.e1_M4
2026-02-26 17:58:14 +0100: Memory Usage (453540K) : Executing rule Slt.e1_M5
2026-02-26 17:58:14 +0100: Memory Usage (453540K) : Executing rule Slt.e1_TM1
2026-02-26 17:58:14 +0100: Memory Usage (453540K) : Executing rule Slt.e1_TM2
2026-02-26 17:58:14 +0100: Memory Usage (453540K) : Starting 9.1. LBE table
2026-02-26 17:58:14 +0100: Memory Usage (453540K) : Executing rule LBE.a
2026-02-26 17:58:14 +0100: Memory Usage (453540K) : Executing rule LBE.b
2026-02-26 17:58:14 +0100: Memory Usage (453540K) : Executing rule LBE.b1
2026-02-26 17:58:14 +0100: Memory Usage (453540K) : Executing rule LBE.c
2026-02-26 17:58:14 +0100: Memory Usage (453540K) : Executing rule LBE.d
2026-02-26 17:58:14 +0100: Memory Usage (453540K) : Executing rule LBE.h
2026-02-26 17:58:14 +0100: Memory Usage (453540K) : Starting 7.4. PIN table
2026-02-26 17:58:14 +0100: Memory Usage (453540K) : Executing rule Pin.a
2026-02-26 17:58:14 +0100: Memory Usage (453540K) : Executing rule Pin.b
2026-02-26 17:58:14 +0100: Memory Usage (453540K) : Executing rule Pin.e
2026-02-26 17:58:14 +0100: Memory Usage (453540K) : Executing rule Pin.f_M2
2026-02-26 17:58:14 +0100: Memory Usage (453540K) : Executing rule Pin.f_M3
2026-02-26 17:58:14 +0100: Memory Usage (453540K) : Executing rule Pin.f_M4
2026-02-26 17:58:14 +0100: Memory Usage (453540K) : Executing rule Pin.f_M5
2026-02-26 17:58:14 +0100: Memory Usage (453540K) : Executing rule Pin.g
2026-02-26 17:58:14 +0100: Memory Usage (453540K) : Executing rule Pin.h
2026-02-26 17:58:14 +0100: Memory Usage (453540K) : Starting 3.2. FORBIDDEN table
2026-02-26 17:58:14 +0100: Memory Usage (453540K) : Executing rule forbidden.biwind
2026-02-26 17:58:14 +0100: Memory Usage (453540K) : Executing rule forbidden.pemwind
2026-02-26 17:58:14 +0100: Memory Usage (453540K) : Executing rule forbidden.baspoly
2026-02-26 17:58:14 +0100: Memory Usage (453540K) : Executing rule forbidden.deepco
2026-02-26 17:58:14 +0100: Memory Usage (453540K) : Executing rule forbidden.pempoly
2026-02-26 17:58:14 +0100: Memory Usage (453668K) : Executing rule forbidden.empoly
2026-02-26 17:58:14 +0100: Memory Usage (453668K) : Executing rule forbidden.ldmos
2026-02-26 17:58:14 +0100: Memory Usage (453796K) : Executing rule forbidden.pbiwind
2026-02-26 17:58:14 +0100: Memory Usage (453796K) : Executing rule forbidden.nodrc
2026-02-26 17:58:14 +0100: Memory Usage (453924K) : Executing rule forbidden.flash
2026-02-26 17:58:14 +0100: Memory Usage (453924K) : Executing rule forbidden.colwind
2026-02-26 17:58:14 +0100: Memory Usage (454052K) : KLayout DRC run for tables 'main' completed in 4.24 seconds
