2026-03-05 19:22:26 +0100: Memory Usage (437268K) : Starting running SG13G2 Klayout LVS runset on /foss/designs/chipathon_2025/designs/ihp-sg13g2/LIF_neuron/gds/LIF_neuron_flat.gds
2026-03-05 19:22:26 +0100: Memory Usage (437268K) : Ruby Version for klayout: 3.2.3
2026-03-05 19:22:26 +0100: Memory Usage (438548K) : Loading database to memory is complete.
2026-03-05 19:22:26 +0100: Memory Usage (438548K) : SG13G2 Klayout LVS runset output at: /foss/designs/chipathon_2025/designs/ihp-sg13g2/LIF_neuron/gds/output/LIF_neuron_flat__LIF_neuron/LIF_neuron.lvsdb.gz
2026-03-05 19:22:26 +0100: Memory Usage (438548K) : Evaluate switches.
2026-03-05 19:22:26 +0100: Memory Usage (438548K) : Extracted netlist with net names: true
2026-03-05 19:22:26 +0100: Memory Usage (438548K) : Extracted netlist with comments in details: false
2026-03-05 19:22:26 +0100: Memory Usage (438548K) : Selected NET_ONLY option: false
2026-03-05 19:22:26 +0100: Memory Usage (438548K) : Selected TOP_LVL_PINS option: true
2026-03-05 19:22:26 +0100: Memory Usage (438548K) : Selected COMBINE DEVICES option: false
2026-03-05 19:22:26 +0100: Memory Usage (438548K) : Selected PURGE option: false
2026-03-05 19:22:26 +0100: Memory Usage (438548K) : Selected PURGE_NETS option: false
2026-03-05 19:22:26 +0100: Memory Usage (438548K) : Selected SIMPLIFY option: false
2026-03-05 19:22:26 +0100: Memory Usage (438548K) : Selected SERIES_RES option: true
2026-03-05 19:22:26 +0100: Memory Usage (438548K) : Selected PARALLEL_RES option: true
2026-03-05 19:22:26 +0100: Memory Usage (438548K) : Verbose mode: false
2026-03-05 19:22:26 +0100: Memory Usage (438548K) : deep  mode is enabled.
2026-03-05 19:22:26 +0100: Memory Usage (440468K) : Netlist file: /foss/designs/chipathon_2025/designs/ihp-sg13g2/LIF_neuron/xschem/LIF_neuron.spice
2026-03-05 19:22:26 +0100: Memory Usage (440468K) : SG13G2 Klayout LVS extracted netlist file at: LIF_neuron_extracted.cir
2026-03-05 19:22:26 +0100: Memory Usage (440468K) : Read in polygons from layers.
2026-03-05 19:22:26 +0100: Memory Usage (441108K) : nodrc_drw has 0 polygons
2026-03-05 19:22:26 +0100: Memory Usage (442004K) : activ_drw has 702 polygons
2026-03-05 19:22:26 +0100: Memory Usage (442004K) : activ_filler has 0 polygons
2026-03-05 19:22:26 +0100: Memory Usage (442004K) : activ has 702 polygons
2026-03-05 19:22:26 +0100: Memory Usage (442004K) : activ_pin has 0 polygons
2026-03-05 19:22:26 +0100: Memory Usage (442004K) : activ_mask has 0 polygons
2026-03-05 19:22:26 +0100: Memory Usage (442004K) : activ_nofill has 0 polygons
2026-03-05 19:22:26 +0100: Memory Usage (442004K) : activ_OPC has 0 polygons
2026-03-05 19:22:26 +0100: Memory Usage (442004K) : activ_iOPC has 0 polygons
2026-03-05 19:22:26 +0100: Memory Usage (442004K) : activ_noqrc has 0 polygons
2026-03-05 19:22:26 +0100: Memory Usage (442004K) : biwind_drw has 0 polygons
2026-03-05 19:22:26 +0100: Memory Usage (442004K) : biwind_OPC has 0 polygons
2026-03-05 19:22:26 +0100: Memory Usage (442132K) : gatpoly_drw has 897 polygons
2026-03-05 19:22:26 +0100: Memory Usage (442132K) : gatpoly_filler has 0 polygons
2026-03-05 19:22:26 +0100: Memory Usage (442516K) : gatpoly has 897 polygons
2026-03-05 19:22:26 +0100: Memory Usage (442516K) : gatpoly_pin has 105 polygons
2026-03-05 19:22:26 +0100: Memory Usage (442644K) : gatpoly_nofill has 0 polygons
2026-03-05 19:22:26 +0100: Memory Usage (442644K) : gatpoly_OPC has 0 polygons
2026-03-05 19:22:26 +0100: Memory Usage (442772K) : gatpoly_iOPC has 0 polygons
2026-03-05 19:22:26 +0100: Memory Usage (442900K) : gatpoly_noqrc has 0 polygons
2026-03-05 19:22:26 +0100: Memory Usage (443028K) : cont_drw has 2771 polygons
2026-03-05 19:22:26 +0100: Memory Usage (443284K) : cont_OPC has 0 polygons
2026-03-05 19:22:26 +0100: Memory Usage (443412K) : nsd_drw has 64 polygons
2026-03-05 19:22:26 +0100: Memory Usage (443540K) : nsd_block has 0 polygons
2026-03-05 19:22:26 +0100: Memory Usage (443668K) : metal1_drw has 1613 polygons
2026-03-05 19:22:26 +0100: Memory Usage (443796K) : metal1_filler has 0 polygons
2026-03-05 19:22:26 +0100: Memory Usage (443924K) : metal1_slit has 0 polygons
2026-03-05 19:22:26 +0100: Memory Usage (444180K) : metal1 has 1613 polygons
2026-03-05 19:22:26 +0100: Memory Usage (444308K) : metal1_pin has 374 polygons
2026-03-05 19:22:26 +0100: Memory Usage (444436K) : metal1_mask has 0 polygons
2026-03-05 19:22:26 +0100: Memory Usage (444564K) : metal1_nofill has 0 polygons
2026-03-05 19:22:26 +0100: Memory Usage (446228K) : metal1_text has 15 polygons
2026-03-05 19:22:26 +0100: Memory Usage (446356K) : metal1_OPC has 0 polygons
2026-03-05 19:22:26 +0100: Memory Usage (446612K) : metal1_noqrc has 0 polygons
2026-03-05 19:22:26 +0100: Memory Usage (446740K) : metal1_res has 0 polygons
2026-03-05 19:22:26 +0100: Memory Usage (446868K) : metal1_iprobe has 0 polygons
2026-03-05 19:22:26 +0100: Memory Usage (446996K) : metal1_diffprb has 0 polygons
2026-03-05 19:22:26 +0100: Memory Usage (447124K) : passiv_drw has 0 polygons
2026-03-05 19:22:26 +0100: Memory Usage (447252K) : passiv_pin has 0 polygons
2026-03-05 19:22:26 +0100: Memory Usage (447380K) : passiv_sbump has 0 polygons
2026-03-05 19:22:26 +0100: Memory Usage (447508K) : passiv_pillar has 0 polygons
2026-03-05 19:22:26 +0100: Memory Usage (447636K) : passiv_pdl has 0 polygons
2026-03-05 19:22:26 +0100: Memory Usage (447892K) : metal2_drw has 555 polygons
2026-03-05 19:22:26 +0100: Memory Usage (448020K) : metal2_filler has 0 polygons
2026-03-05 19:22:26 +0100: Memory Usage (448148K) : metal2_slit has 0 polygons
2026-03-05 19:22:26 +0100: Memory Usage (448276K) : metal2 has 555 polygons
2026-03-05 19:22:26 +0100: Memory Usage (448404K) : metal2_pin has 5 polygons
2026-03-05 19:22:26 +0100: Memory Usage (448532K) : metal2_mask has 0 polygons
2026-03-05 19:22:26 +0100: Memory Usage (448788K) : metal2_nofill has 0 polygons
2026-03-05 19:22:26 +0100: Memory Usage (448788K) : metal2_text has 5 polygons
2026-03-05 19:22:26 +0100: Memory Usage (449044K) : metal2_OPC has 0 polygons
2026-03-05 19:22:26 +0100: Memory Usage (449172K) : metal2_noqrc has 0 polygons
2026-03-05 19:22:26 +0100: Memory Usage (449300K) : metal2_res has 0 polygons
2026-03-05 19:22:26 +0100: Memory Usage (449428K) : metal2_iprobe has 0 polygons
2026-03-05 19:22:26 +0100: Memory Usage (449556K) : metal2_diffprb has 0 polygons
2026-03-05 19:22:26 +0100: Memory Usage (449684K) : baspoly_drw has 0 polygons
2026-03-05 19:22:26 +0100: Memory Usage (449812K) : baspoly_pin has 0 polygons
2026-03-05 19:22:26 +0100: Memory Usage (449940K) : psd_drw has 384 polygons
2026-03-05 19:22:26 +0100: Memory Usage (450068K) : nldb_drw has 0 polygons
2026-03-05 19:22:26 +0100: Memory Usage (450196K) : digibnd_drw has 0 polygons
2026-03-05 19:22:26 +0100: Memory Usage (450452K) : via1_drw has 279 polygons
2026-03-05 19:22:26 +0100: Memory Usage (450580K) : backmetal1_drw has 0 polygons
2026-03-05 19:22:26 +0100: Memory Usage (450708K) : backmetal1_pin has 0 polygons
2026-03-05 19:22:26 +0100: Memory Usage (450836K) : backmetal1_mask has 0 polygons
2026-03-05 19:22:26 +0100: Memory Usage (450964K) : backmetal1_filler has 0 polygons
2026-03-05 19:22:26 +0100: Memory Usage (451092K) : backmetal1_nofill has 0 polygons
2026-03-05 19:22:26 +0100: Memory Usage (451220K) : backmetal1_slit has 0 polygons
2026-03-05 19:22:26 +0100: Memory Usage (451348K) : backmetal1_text has 0 polygons
2026-03-05 19:22:26 +0100: Memory Usage (451476K) : backmetal1_OPC has 0 polygons
2026-03-05 19:22:26 +0100: Memory Usage (451604K) : backmetal1_noqrc has 0 polygons
2026-03-05 19:22:26 +0100: Memory Usage (451732K) : backmetal1_res has 0 polygons
2026-03-05 19:22:26 +0100: Memory Usage (451860K) : backmetal1_iprobe has 0 polygons
2026-03-05 19:22:26 +0100: Memory Usage (452116K) : backmetal1_diffprb has 0 polygons
2026-03-05 19:22:26 +0100: Memory Usage (452372K) : backpassiv_drw has 0 polygons
2026-03-05 19:22:26 +0100: Memory Usage (452500K) : res_drw has 0 polygons
2026-03-05 19:22:26 +0100: Memory Usage (452628K) : sram_drw has 0 polygons
2026-03-05 19:22:26 +0100: Memory Usage (452756K) : trans_drw has 0 polygons
2026-03-05 19:22:26 +0100: Memory Usage (452884K) : ind_drw has 0 polygons
2026-03-05 19:22:26 +0100: Memory Usage (453012K) : ind_pin has 0 polygons
2026-03-05 19:22:26 +0100: Memory Usage (453140K) : ind_text has 0 polygons
2026-03-05 19:22:26 +0100: Memory Usage (453268K) : salblock_drw has 82 polygons
2026-03-05 19:22:26 +0100: Memory Usage (453396K) : via2_drw has 132 polygons
2026-03-05 19:22:26 +0100: Memory Usage (453524K) : metal3_drw has 180 polygons
2026-03-05 19:22:26 +0100: Memory Usage (453652K) : metal3_filler has 0 polygons
2026-03-05 19:22:26 +0100: Memory Usage (453780K) : metal3_slit has 0 polygons
2026-03-05 19:22:26 +0100: Memory Usage (453780K) : metal3 has 180 polygons
2026-03-05 19:22:26 +0100: Memory Usage (453780K) : metal3_pin has 0 polygons
2026-03-05 19:22:26 +0100: Memory Usage (453780K) : metal3_mask has 0 polygons
2026-03-05 19:22:26 +0100: Memory Usage (453780K) : metal3_nofill has 0 polygons
2026-03-05 19:22:26 +0100: Memory Usage (453780K) : metal3_text has 0 polygons
2026-03-05 19:22:26 +0100: Memory Usage (453780K) : metal3_OPC has 0 polygons
2026-03-05 19:22:26 +0100: Memory Usage (453780K) : metal3_noqrc has 0 polygons
2026-03-05 19:22:26 +0100: Memory Usage (453780K) : metal3_res has 0 polygons
2026-03-05 19:22:26 +0100: Memory Usage (453780K) : metal3_iprobe has 0 polygons
2026-03-05 19:22:26 +0100: Memory Usage (453780K) : metal3_diffprb has 0 polygons
2026-03-05 19:22:26 +0100: Memory Usage (453780K) : nwell_drw has 146 polygons
2026-03-05 19:22:26 +0100: Memory Usage (453780K) : nwell_pin has 0 polygons
2026-03-05 19:22:26 +0100: Memory Usage (453780K) : nbulay_drw has 0 polygons
2026-03-05 19:22:26 +0100: Memory Usage (453780K) : nbulay_pin has 0 polygons
2026-03-05 19:22:26 +0100: Memory Usage (453780K) : nbulay_block has 0 polygons
2026-03-05 19:22:26 +0100: Memory Usage (453780K) : emwind_drw has 0 polygons
2026-03-05 19:22:26 +0100: Memory Usage (453780K) : emwind_OPC has 0 polygons
2026-03-05 19:22:26 +0100: Memory Usage (453780K) : deepco_drw has 0 polygons
2026-03-05 19:22:26 +0100: Memory Usage (453780K) : mim_drw has 0 polygons
2026-03-05 19:22:26 +0100: Memory Usage (453780K) : edgeseal_drw has 0 polygons
2026-03-05 19:22:26 +0100: Memory Usage (453780K) : substrate_drw has 120 polygons
2026-03-05 19:22:26 +0100: Memory Usage (453780K) : substrate_text has 0 polygons
2026-03-05 19:22:26 +0100: Memory Usage (453780K) : dfpad_drw has 0 polygons
2026-03-05 19:22:26 +0100: Memory Usage (453780K) : dfpad_pillar has 0 polygons
2026-03-05 19:22:26 +0100: Memory Usage (453780K) : dfpad_sbump has 0 polygons
2026-03-05 19:22:26 +0100: Memory Usage (453780K) : thickgateox_drw has 0 polygons
2026-03-05 19:22:26 +0100: Memory Usage (453780K) : pldb_drw has 0 polygons
2026-03-05 19:22:26 +0100: Memory Usage (453780K) : pwell_drw has 0 polygons
2026-03-05 19:22:26 +0100: Memory Usage (453780K) : pwell_pin has 0 polygons
2026-03-05 19:22:26 +0100: Memory Usage (453780K) : pwell_block has 0 polygons
2026-03-05 19:22:26 +0100: Memory Usage (453780K) : ic_drw has 0 polygons
2026-03-05 19:22:26 +0100: Memory Usage (453780K) : via3_drw has 8 polygons
2026-03-05 19:22:26 +0100: Memory Usage (453780K) : metal4_drw has 12 polygons
2026-03-05 19:22:26 +0100: Memory Usage (453780K) : metal4_filler has 0 polygons
2026-03-05 19:22:26 +0100: Memory Usage (453780K) : metal4_slit has 0 polygons
2026-03-05 19:22:26 +0100: Memory Usage (453780K) : metal4 has 12 polygons
2026-03-05 19:22:26 +0100: Memory Usage (453780K) : metal4_pin has 0 polygons
2026-03-05 19:22:26 +0100: Memory Usage (453780K) : metal4_mask has 0 polygons
2026-03-05 19:22:26 +0100: Memory Usage (453780K) : metal4_nofill has 0 polygons
2026-03-05 19:22:26 +0100: Memory Usage (453780K) : metal4_text has 0 polygons
2026-03-05 19:22:26 +0100: Memory Usage (453780K) : metal4_OPC has 0 polygons
2026-03-05 19:22:26 +0100: Memory Usage (453780K) : metal4_noqrc has 0 polygons
2026-03-05 19:22:26 +0100: Memory Usage (453780K) : metal4_res has 0 polygons
2026-03-05 19:22:26 +0100: Memory Usage (453780K) : metal4_iprobe has 0 polygons
2026-03-05 19:22:26 +0100: Memory Usage (453780K) : metal4_diffprb has 0 polygons
2026-03-05 19:22:26 +0100: Memory Usage (453780K) : heattrans_drw has 225 polygons
2026-03-05 19:22:26 +0100: Memory Usage (453780K) : heatres_drw has 76 polygons
2026-03-05 19:22:27 +0100: Memory Usage (453780K) : fbe_drw has 0 polygons
2026-03-05 19:22:27 +0100: Memory Usage (453780K) : empoly_drw has 0 polygons
2026-03-05 19:22:27 +0100: Memory Usage (453780K) : digisub_drw has 0 polygons
2026-03-05 19:22:27 +0100: Memory Usage (453780K) : text_drw has 286 polygons
2026-03-05 19:22:27 +0100: Memory Usage (453780K) : via4_drw has 0 polygons
2026-03-05 19:22:27 +0100: Memory Usage (453780K) : metal5_drw has 0 polygons
2026-03-05 19:22:27 +0100: Memory Usage (453780K) : metal5_filler has 0 polygons
2026-03-05 19:22:27 +0100: Memory Usage (453780K) : metal5_slit has 0 polygons
2026-03-05 19:22:27 +0100: Memory Usage (453780K) : metal5 has 0 polygons
2026-03-05 19:22:27 +0100: Memory Usage (453780K) : metal5_pin has 0 polygons
2026-03-05 19:22:27 +0100: Memory Usage (453780K) : metal5_mask has 0 polygons
2026-03-05 19:22:27 +0100: Memory Usage (453780K) : metal5_nofill has 0 polygons
2026-03-05 19:22:27 +0100: Memory Usage (453780K) : metal5_text has 0 polygons
2026-03-05 19:22:27 +0100: Memory Usage (453780K) : metal5_OPC has 0 polygons
2026-03-05 19:22:27 +0100: Memory Usage (453780K) : metal5_noqrc has 0 polygons
2026-03-05 19:22:27 +0100: Memory Usage (453780K) : metal5_res has 0 polygons
2026-03-05 19:22:27 +0100: Memory Usage (453780K) : metal5_iprobe has 0 polygons
2026-03-05 19:22:27 +0100: Memory Usage (453780K) : metal5_diffprb has 0 polygons
2026-03-05 19:22:27 +0100: Memory Usage (453780K) : radhard_drw has 0 polygons
2026-03-05 19:22:27 +0100: Memory Usage (453780K) : memcap_drw has 0 polygons
2026-03-05 19:22:27 +0100: Memory Usage (453780K) : varicap_drw has 0 polygons
2026-03-05 19:22:27 +0100: Memory Usage (453780K) : intbondvia_drw has 0 polygons
2026-03-05 19:22:27 +0100: Memory Usage (453780K) : intbondmet_drw has 0 polygons
2026-03-05 19:22:27 +0100: Memory Usage (453780K) : devbondvia_drw has 0 polygons
2026-03-05 19:22:27 +0100: Memory Usage (453780K) : devbondmet_drw has 0 polygons
2026-03-05 19:22:27 +0100: Memory Usage (453780K) : devtrench_drw has 0 polygons
2026-03-05 19:22:27 +0100: Memory Usage (453780K) : redist_drw has 0 polygons
2026-03-05 19:22:27 +0100: Memory Usage (453780K) : graphbot_drw has 0 polygons
2026-03-05 19:22:27 +0100: Memory Usage (453780K) : graphtop_drw has 0 polygons
2026-03-05 19:22:27 +0100: Memory Usage (453780K) : antvia1_drw has 0 polygons
2026-03-05 19:22:27 +0100: Memory Usage (453780K) : antmetal2_drw has 0 polygons
2026-03-05 19:22:27 +0100: Memory Usage (453780K) : graphcont_drw has 0 polygons
2026-03-05 19:22:27 +0100: Memory Usage (453780K) : siwg_drw has 0 polygons
2026-03-05 19:22:27 +0100: Memory Usage (453780K) : siwg_filler has 0 polygons
2026-03-05 19:22:27 +0100: Memory Usage (453780K) : siwg_nofill has 0 polygons
2026-03-05 19:22:27 +0100: Memory Usage (453780K) : sigrating_drw has 0 polygons
2026-03-05 19:22:27 +0100: Memory Usage (453780K) : singrating_drw has 0 polygons
2026-03-05 19:22:27 +0100: Memory Usage (453780K) : graphpas_drw has 0 polygons
2026-03-05 19:22:27 +0100: Memory Usage (453780K) : emwind3_drw has 0 polygons
2026-03-05 19:22:27 +0100: Memory Usage (453780K) : emwihv3_drw has 0 polygons
2026-03-05 19:22:27 +0100: Memory Usage (453780K) : redbulay_drw has 0 polygons
2026-03-05 19:22:27 +0100: Memory Usage (453780K) : smos_drw has 0 polygons
2026-03-05 19:22:27 +0100: Memory Usage (453780K) : graphpad_drw has 0 polygons
2026-03-05 19:22:27 +0100: Memory Usage (453780K) : polimide_drw has 0 polygons
2026-03-05 19:22:27 +0100: Memory Usage (453780K) : polimide_pin has 0 polygons
2026-03-05 19:22:27 +0100: Memory Usage (453780K) : recog_drw has 0 polygons
2026-03-05 19:22:27 +0100: Memory Usage (453780K) : recog_pin has 0 polygons
2026-03-05 19:22:27 +0100: Memory Usage (453780K) : recog_esd has 0 polygons
2026-03-05 19:22:27 +0100: Memory Usage (453780K) : recog_diode has 0 polygons
2026-03-05 19:22:27 +0100: Memory Usage (453780K) : recog_tsv has 0 polygons
2026-03-05 19:22:27 +0100: Memory Usage (453780K) : recog_iprobe has 0 polygons
2026-03-05 19:22:27 +0100: Memory Usage (453780K) : recog_diffprb has 0 polygons
2026-03-05 19:22:27 +0100: Memory Usage (453780K) : recog_pillar has 0 polygons
2026-03-05 19:22:27 +0100: Memory Usage (453780K) : recog_sbump has 0 polygons
2026-03-05 19:22:27 +0100: Memory Usage (453780K) : recog_otp has 0 polygons
2026-03-05 19:22:27 +0100: Memory Usage (453780K) : recog_pdiode has 0 polygons
2026-03-05 19:22:27 +0100: Memory Usage (453780K) : recog_mom has 0 polygons
2026-03-05 19:22:27 +0100: Memory Usage (453780K) : recog_pcm has 0 polygons
2026-03-05 19:22:27 +0100: Memory Usage (453780K) : colopen_drw has 0 polygons
2026-03-05 19:22:27 +0100: Memory Usage (453780K) : graphmetal1_drw has 0 polygons
2026-03-05 19:22:27 +0100: Memory Usage (453780K) : graphmetal1_filler has 0 polygons
2026-03-05 19:22:27 +0100: Memory Usage (453780K) : graphmetal1_nofill has 0 polygons
2026-03-05 19:22:27 +0100: Memory Usage (453780K) : graphmetal1_slit has 0 polygons
2026-03-05 19:22:27 +0100: Memory Usage (453780K) : graphmetal1_OPC has 0 polygons
2026-03-05 19:22:27 +0100: Memory Usage (453780K) : graphmet1l_drw has 0 polygons
2026-03-05 19:22:27 +0100: Memory Usage (453780K) : graphmet1l_filler has 0 polygons
2026-03-05 19:22:27 +0100: Memory Usage (453780K) : graphmet1l_nofill has 0 polygons
2026-03-05 19:22:27 +0100: Memory Usage (453780K) : graphmet1l_slit has 0 polygons
2026-03-05 19:22:27 +0100: Memory Usage (453780K) : graphmet1l_OPC has 0 polygons
2026-03-05 19:22:27 +0100: Memory Usage (453780K) : extblock_drw has 234 polygons
2026-03-05 19:22:27 +0100: Memory Usage (453780K) : nldd_drw has 0 polygons
2026-03-05 19:22:27 +0100: Memory Usage (453780K) : pldd_drw has 0 polygons
2026-03-05 19:22:27 +0100: Memory Usage (453780K) : next_drw has 0 polygons
2026-03-05 19:22:27 +0100: Memory Usage (453780K) : pext_drw has 0 polygons
2026-03-05 19:22:27 +0100: Memory Usage (453780K) : nexthv_drw has 0 polygons
2026-03-05 19:22:27 +0100: Memory Usage (453780K) : pexthv_drw has 0 polygons
2026-03-05 19:22:27 +0100: Memory Usage (453780K) : graphgate_drw has 0 polygons
2026-03-05 19:22:27 +0100: Memory Usage (453780K) : sinwg_drw has 0 polygons
2026-03-05 19:22:27 +0100: Memory Usage (453780K) : sinwg_filler has 0 polygons
2026-03-05 19:22:27 +0100: Memory Usage (453780K) : sinwg_nofill has 0 polygons
2026-03-05 19:22:27 +0100: Memory Usage (453780K) : mempad_drw has 0 polygons
2026-03-05 19:22:27 +0100: Memory Usage (453780K) : topvia1_drw has 0 polygons
2026-03-05 19:22:27 +0100: Memory Usage (453780K) : topmetal1_drw has 0 polygons
2026-03-05 19:22:27 +0100: Memory Usage (453780K) : topmetal1_filler has 0 polygons
2026-03-05 19:22:27 +0100: Memory Usage (453780K) : topmetal1_slit has 0 polygons
2026-03-05 19:22:27 +0100: Memory Usage (453780K) : topmetal1 has 0 polygons
2026-03-05 19:22:27 +0100: Memory Usage (453780K) : topmetal1_pin has 0 polygons
2026-03-05 19:22:27 +0100: Memory Usage (453780K) : topmetal1_mask has 0 polygons
2026-03-05 19:22:27 +0100: Memory Usage (453780K) : topmetal1_nofill has 0 polygons
2026-03-05 19:22:27 +0100: Memory Usage (453780K) : topmetal1_text has 0 polygons
2026-03-05 19:22:27 +0100: Memory Usage (453780K) : topmetal1_noqrc has 0 polygons
2026-03-05 19:22:27 +0100: Memory Usage (453780K) : topmetal1_res has 0 polygons
2026-03-05 19:22:27 +0100: Memory Usage (453780K) : topmetal1_iprobe has 0 polygons
2026-03-05 19:22:27 +0100: Memory Usage (453780K) : topmetal1_diffprb has 0 polygons
2026-03-05 19:22:27 +0100: Memory Usage (453780K) : inldpwl_drw has 0 polygons
2026-03-05 19:22:27 +0100: Memory Usage (453780K) : polyres_drw has 76 polygons
2026-03-05 19:22:27 +0100: Memory Usage (453780K) : polyres_pin has 0 polygons
2026-03-05 19:22:27 +0100: Memory Usage (453780K) : vmim_drw has 0 polygons
2026-03-05 19:22:27 +0100: Memory Usage (453780K) : nbulaycut_drw has 0 polygons
2026-03-05 19:22:27 +0100: Memory Usage (453780K) : antmetal1_drw has 0 polygons
2026-03-05 19:22:27 +0100: Memory Usage (453780K) : topvia2_drw has 0 polygons
2026-03-05 19:22:27 +0100: Memory Usage (453780K) : topmetal2_drw has 0 polygons
2026-03-05 19:22:27 +0100: Memory Usage (453780K) : topmetal2_filler has 0 polygons
2026-03-05 19:22:27 +0100: Memory Usage (453780K) : topmetal2_slit has 0 polygons
2026-03-05 19:22:27 +0100: Memory Usage (453780K) : topmetal2 has 0 polygons
2026-03-05 19:22:27 +0100: Memory Usage (453780K) : topmetal2_pin has 0 polygons
2026-03-05 19:22:27 +0100: Memory Usage (453780K) : topmetal2_mask has 0 polygons
2026-03-05 19:22:27 +0100: Memory Usage (453780K) : topmetal2_nofill has 0 polygons
2026-03-05 19:22:27 +0100: Memory Usage (453780K) : topmetal2_text has 0 polygons
2026-03-05 19:22:27 +0100: Memory Usage (453780K) : topmetal2_noqrc has 0 polygons
2026-03-05 19:22:27 +0100: Memory Usage (453780K) : topmetal2_res has 0 polygons
2026-03-05 19:22:27 +0100: Memory Usage (453780K) : topmetal2_iprobe has 0 polygons
2026-03-05 19:22:27 +0100: Memory Usage (453780K) : topmetal2_diffprb has 0 polygons
2026-03-05 19:22:27 +0100: Memory Usage (453780K) : snsring_drw has 0 polygons
2026-03-05 19:22:27 +0100: Memory Usage (453780K) : sensor_drw has 0 polygons
2026-03-05 19:22:27 +0100: Memory Usage (453780K) : snsarms_drw has 0 polygons
2026-03-05 19:22:27 +0100: Memory Usage (453780K) : snscmosvia_drw has 0 polygons
2026-03-05 19:22:27 +0100: Memory Usage (453780K) : colwind_drw has 0 polygons
2026-03-05 19:22:27 +0100: Memory Usage (453780K) : flm_drw has 0 polygons
2026-03-05 19:22:27 +0100: Memory Usage (453780K) : hafniumox_drw has 0 polygons
2026-03-05 19:22:27 +0100: Memory Usage (453780K) : memvia_drw has 0 polygons
2026-03-05 19:22:27 +0100: Memory Usage (453780K) : thinfilmres_drw has 0 polygons
2026-03-05 19:22:27 +0100: Memory Usage (453780K) : rfmem_drw has 0 polygons
2026-03-05 19:22:27 +0100: Memory Usage (453780K) : norcx_drw has 0 polygons
2026-03-05 19:22:27 +0100: Memory Usage (453780K) : norcx_m2m3 has 0 polygons
2026-03-05 19:22:27 +0100: Memory Usage (453780K) : norcx_m2m4 has 0 polygons
2026-03-05 19:22:27 +0100: Memory Usage (453780K) : norcx_m2m5 has 0 polygons
2026-03-05 19:22:28 +0100: Memory Usage (453780K) : norcx_m2tm1 has 0 polygons
2026-03-05 19:22:28 +0100: Memory Usage (453780K) : norcx_m2tm2 has 0 polygons
2026-03-05 19:22:28 +0100: Memory Usage (453780K) : norcx_m3m4 has 0 polygons
2026-03-05 19:22:28 +0100: Memory Usage (453780K) : norcx_m3m5 has 0 polygons
2026-03-05 19:22:28 +0100: Memory Usage (453780K) : norcx_m3tm1 has 0 polygons
2026-03-05 19:22:28 +0100: Memory Usage (453780K) : norcx_m3tm2 has 0 polygons
2026-03-05 19:22:28 +0100: Memory Usage (453780K) : norcx_m4m5 has 0 polygons
2026-03-05 19:22:28 +0100: Memory Usage (453780K) : norcx_m4tm1 has 0 polygons
2026-03-05 19:22:28 +0100: Memory Usage (453780K) : norcx_m4tm2 has 0 polygons
2026-03-05 19:22:28 +0100: Memory Usage (453780K) : norcx_m5tm1 has 0 polygons
2026-03-05 19:22:28 +0100: Memory Usage (453780K) : norcx_m5tm2 has 0 polygons
2026-03-05 19:22:28 +0100: Memory Usage (453780K) : norcx_tm1tm2 has 0 polygons
2026-03-05 19:22:28 +0100: Memory Usage (453780K) : norcx_m1sub has 0 polygons
2026-03-05 19:22:28 +0100: Memory Usage (453780K) : norcx_m2sub has 0 polygons
2026-03-05 19:22:28 +0100: Memory Usage (453780K) : norcx_m3sub has 0 polygons
2026-03-05 19:22:28 +0100: Memory Usage (453780K) : norcx_m4sub has 0 polygons
2026-03-05 19:22:28 +0100: Memory Usage (453780K) : norcx_m5sub has 0 polygons
2026-03-05 19:22:28 +0100: Memory Usage (453780K) : norcx_tm1sub has 0 polygons
2026-03-05 19:22:28 +0100: Memory Usage (453780K) : norcx_tm2sub has 0 polygons
2026-03-05 19:22:28 +0100: Memory Usage (453780K) : snsbotvia_drw has 0 polygons
2026-03-05 19:22:28 +0100: Memory Usage (453780K) : snstopvia_drw has 0 polygons
2026-03-05 19:22:28 +0100: Memory Usage (453780K) : deepvia_drw has 0 polygons
2026-03-05 19:22:28 +0100: Memory Usage (453780K) : fgetch_drw has 0 polygons
2026-03-05 19:22:28 +0100: Memory Usage (453780K) : ctrgat_drw has 0 polygons
2026-03-05 19:22:28 +0100: Memory Usage (453780K) : fgimp_drw has 0 polygons
2026-03-05 19:22:28 +0100: Memory Usage (453780K) : emwihv_drw has 0 polygons
2026-03-05 19:22:28 +0100: Memory Usage (453780K) : lbe_drw has 0 polygons
2026-03-05 19:22:28 +0100: Memory Usage (453780K) : alcustop_drw has 0 polygons
2026-03-05 19:22:28 +0100: Memory Usage (453780K) : nometfiller_drw has 0 polygons
2026-03-05 19:22:28 +0100: Memory Usage (453780K) : prboundary_drw has 0 polygons
2026-03-05 19:22:28 +0100: Memory Usage (453780K) : exchange0_drw has 0 polygons
2026-03-05 19:22:28 +0100: Memory Usage (453780K) : exchange0_pin has 0 polygons
2026-03-05 19:22:28 +0100: Memory Usage (453780K) : exchange0_text has 0 polygons
2026-03-05 19:22:28 +0100: Memory Usage (453780K) : exchange1_drw has 0 polygons
2026-03-05 19:22:28 +0100: Memory Usage (453780K) : exchange1_pin has 0 polygons
2026-03-05 19:22:28 +0100: Memory Usage (453780K) : exchange1_text has 0 polygons
2026-03-05 19:22:28 +0100: Memory Usage (453780K) : exchange2_drw has 0 polygons
2026-03-05 19:22:28 +0100: Memory Usage (453780K) : exchange2_pin has 0 polygons
2026-03-05 19:22:28 +0100: Memory Usage (453780K) : exchange2_text has 0 polygons
2026-03-05 19:22:28 +0100: Memory Usage (453780K) : exchange3_drw has 0 polygons
2026-03-05 19:22:28 +0100: Memory Usage (453780K) : exchange3_pin has 0 polygons
2026-03-05 19:22:28 +0100: Memory Usage (453780K) : exchange3_text has 0 polygons
2026-03-05 19:22:28 +0100: Memory Usage (453780K) : exchange4_drw has 0 polygons
2026-03-05 19:22:28 +0100: Memory Usage (453780K) : exchange4_pin has 0 polygons
2026-03-05 19:22:28 +0100: Memory Usage (453780K) : exchange4_text has 0 polygons
2026-03-05 19:22:28 +0100: Memory Usage (453780K) : isonwell_drw has 0 polygons
2026-03-05 19:22:28 +0100: Memory Usage (453780K) : Total no. of polygons in the design is 9346
2026-03-05 19:22:28 +0100: Memory Usage (453780K) : Starting SG13G2 LVS runset
2026-03-05 19:22:28 +0100: Memory Usage (453780K) : Starting base layers derivations
2026-03-05 19:22:28 +0100: Memory Usage (453780K) : Starting general LVS derivations
2026-03-05 19:22:28 +0100: Memory Usage (456212K) : Starting MOSFET DERIVATIONS
2026-03-05 19:22:28 +0100: Memory Usage (456212K) : Starting NMOS DERIVATIONS
2026-03-05 19:22:28 +0100: Memory Usage (456212K) : Starting PMOS DERIVATIONS
2026-03-05 19:22:28 +0100: Memory Usage (456212K) : Starting RF-MOSFET DERIVATIONS
2026-03-05 19:22:28 +0100: Memory Usage (456212K) : Starting RF-NMOS DERIVATIONS
2026-03-05 19:22:28 +0100: Memory Usage (456212K) : Starting RF-PMOS DERIVATIONS
2026-03-05 19:22:28 +0100: Memory Usage (456212K) : Starting BJT DERIVATIONS
2026-03-05 19:22:28 +0100: Memory Usage (456212K) : Starting NPN-BJT DERIVATIONS
2026-03-05 19:22:29 +0100: Memory Usage (456212K) : Starting PNP-BJT DERIVATIONS
2026-03-05 19:22:29 +0100: Memory Usage (456212K) : Starting DIODE DERIVATIONS
2026-03-05 19:22:29 +0100: Memory Usage (458644K) : Starting RESISTOR DERIVATIONS
2026-03-05 19:22:29 +0100: Memory Usage (458644K) : Starting CAP DERIVATIONS
2026-03-05 19:22:29 +0100: Memory Usage (458644K) : Starting ESD DERIVATIONS
2026-03-05 19:22:30 +0100: Memory Usage (460180K) : Starting Inductor DERIVATIONS
2026-03-05 19:22:30 +0100: Memory Usage (460180K) : Starting Taps DERIVATIONS
2026-03-05 19:22:30 +0100: Memory Usage (460308K) : Starting SG13G2 LVS connectivity setup
2026-03-05 19:22:30 +0100: Memory Usage (460308K) : Starting SG13G2 LVS connectivity setup (Inter-layer)
2026-03-05 19:22:30 +0100: Memory Usage (460308K) : Starting SG13G2 LVS connectivity setup (Global)
2026-03-05 19:22:30 +0100: Memory Usage (460308K) : Starting LVS MOSFET CONNECTIONS
2026-03-05 19:22:30 +0100: Memory Usage (460308K) : Starting LVS RF-MOSFET CONNECTIONS
2026-03-05 19:22:30 +0100: Memory Usage (460308K) : Starting LVS BJT CONNECTIONS
2026-03-05 19:22:30 +0100: Memory Usage (460308K) : Starting LVS DIODE CONNECTIONS
2026-03-05 19:22:30 +0100: Memory Usage (460308K) : Starting RESISTOR CONNECTIONS
2026-03-05 19:22:30 +0100: Memory Usage (460308K) : Starting LVS CAP CONNECTIONS
2026-03-05 19:22:30 +0100: Memory Usage (460308K) : Starting ESD CONNECTIONS
2026-03-05 19:22:30 +0100: Memory Usage (460308K) : Starting Inductor CONNECTIONS
2026-03-05 19:22:30 +0100: Memory Usage (460308K) : Starting LVS Taps CONNECTIONS
2026-03-05 19:22:30 +0100: Memory Usage (460308K) : Starting SG13G2 LVS DEVICES EXTRACTION
2026-03-05 19:22:30 +0100: Memory Usage (460308K) : Starting MOSFET EXTRACTION
2026-03-05 19:22:30 +0100: Memory Usage (460308K) : Starting NMOS EXTRACTION
2026-03-05 19:22:30 +0100: Memory Usage (460308K) : Extraction of NMOS-LV transistor
2026-03-05 19:22:30 +0100: Memory Usage (460564K) : Extraction of NMOS-HV transistor
2026-03-05 19:22:30 +0100: Memory Usage (460564K) : Starting PMOS EXTRACTION
2026-03-05 19:22:30 +0100: Memory Usage (460564K) : Extraction of PMOS-LV transistor
2026-03-05 19:22:30 +0100: Memory Usage (460564K) : Extraction of PMOS-HV transistor
2026-03-05 19:22:30 +0100: Memory Usage (460564K) : Starting RF-MOSFET EXTRACTION
2026-03-05 19:22:30 +0100: Memory Usage (460564K) : Extraction of RF-NMOS-LV transistor
2026-03-05 19:22:30 +0100: Memory Usage (460564K) : Extraction of RF-NMOS-HV transistor
2026-03-05 19:22:30 +0100: Memory Usage (460564K) : Extraction of RF-PMOS-LV transistor
2026-03-05 19:22:30 +0100: Memory Usage (460564K) : Extraction of RF-PMOS-HV transistor
2026-03-05 19:22:30 +0100: Memory Usage (460564K) : Starting BJT EXTRACTION
2026-03-05 19:22:30 +0100: Memory Usage (460564K) : Starting NPN-BJT EXTRACTION
2026-03-05 19:22:30 +0100: Memory Usage (460564K) : Extraction of npn13G2 BJT transistor
2026-03-05 19:22:30 +0100: Memory Usage (460564K) : Extraction of npn13G2L BJT transistor
2026-03-05 19:22:30 +0100: Memory Usage (460564K) : Extraction of npn13G2V BJT transistor
2026-03-05 19:22:30 +0100: Memory Usage (460564K) : Starting PNP-BJT EXTRACTION
2026-03-05 19:22:30 +0100: Memory Usage (460564K) : Extracting pnpMPA BJT
2026-03-05 19:22:30 +0100: Memory Usage (460564K) : Starting DIODE EXTRACTION
2026-03-05 19:22:30 +0100: Memory Usage (460564K) : Extracting dantenna diode
2026-03-05 19:22:30 +0100: Memory Usage (460564K) : Extracting dpantenna diode
2026-03-05 19:22:30 +0100: Memory Usage (460564K) : Extracting schottky_nbl1 diode
2026-03-05 19:22:30 +0100: Memory Usage (460564K) : Starting RESISTOR EXTRACTION
2026-03-05 19:22:30 +0100: Memory Usage (460564K) : Extracting rsil resistor
2026-03-05 19:22:30 +0100: Memory Usage (460564K) : Extracting rppd resistor
2026-03-05 19:22:30 +0100: Memory Usage (460692K) : Extracting rhigh resistor
2026-03-05 19:22:30 +0100: Memory Usage (460692K) : Extracting res_metal1 resistor
2026-03-05 19:22:30 +0100: Memory Usage (460820K) : Extracting res_metal2 resistor
2026-03-05 19:22:30 +0100: Memory Usage (460820K) : Extracting res_metal3 resistor
2026-03-05 19:22:30 +0100: Memory Usage (460820K) : Extracting res_metal4 resistor
2026-03-05 19:22:30 +0100: Memory Usage (460820K) : Extracting res_metal5 resistor
2026-03-05 19:22:30 +0100: Memory Usage (460820K) : Extracting res_topmetal1 resistor
2026-03-05 19:22:30 +0100: Memory Usage (460820K) : Extracting res_topmetal2 resistor
2026-03-05 19:22:30 +0100: Memory Usage (460820K) : Starting CAP EXTRACTION
2026-03-05 19:22:30 +0100: Memory Usage (460820K) : Extracting cap_cmim device
2026-03-05 19:22:30 +0100: Memory Usage (460820K) : Extracting rfcmim device
2026-03-05 19:22:30 +0100: Memory Usage (460820K) : Extracting sg13_hv_svaricap varactor
2026-03-05 19:22:30 +0100: Memory Usage (460820K) : Starting ESD EXTRACTION
2026-03-05 19:22:30 +0100: Memory Usage (460820K) : Extracting diodevdd_2kv ESD device
2026-03-05 19:22:30 +0100: Memory Usage (460820K) : Extracting diodevdd_4kv ESD device
2026-03-05 19:22:30 +0100: Memory Usage (460820K) : Extracting diodevss_2kv ESD device
2026-03-05 19:22:30 +0100: Memory Usage (460820K) : Extracting diodevss_4kv ESD device
2026-03-05 19:22:30 +0100: Memory Usage (460820K) : Extracting idiodevdd_2kv ESD device
2026-03-05 19:22:30 +0100: Memory Usage (460820K) : Extracting idiodevdd_4kv ESD device
2026-03-05 19:22:30 +0100: Memory Usage (460820K) : Extracting idiodevss_2kv ESD device
2026-03-05 19:22:30 +0100: Memory Usage (460820K) : Extracting idiodevss_4kv ESD device
2026-03-05 19:22:30 +0100: Memory Usage (460820K) : Extracting nmoscl_2 ESD device
2026-03-05 19:22:30 +0100: Memory Usage (460820K) : Extracting nmoscl_4 ESD device
2026-03-05 19:22:30 +0100: Memory Usage (460820K) : Starting Inductor EXTRACTION
2026-03-05 19:22:30 +0100: Memory Usage (460820K) : Extracting Inductor2 device
2026-03-05 19:22:30 +0100: Memory Usage (460820K) : Extracting Inductor3 device
2026-03-05 19:22:30 +0100: Memory Usage (460820K) : Starting Taps EXTRACTION
2026-03-05 19:22:30 +0100: Memory Usage (460820K) : Extracting ntap1 device
2026-03-05 19:22:30 +0100: Memory Usage (460820K) : Extracting ptap1 device
2026-03-05 19:22:30 +0100: Memory Usage (460820K) : Starting SG13G2 LVS Options Preparations
2026-03-05 19:22:30 +0100: Memory Usage (460820K) : Starting SG13G2 LVS Alignment
2026-03-05 19:22:30 +0100: Memory Usage (460820K) : Starting SG13G2 LVS Simplification
2026-03-05 19:22:30 +0100: Memory Usage (460820K) : Starting SG13G2 LVS Comparison
2026-03-05 19:22:31 +0100: Memory Usage (460948K) : xxxxxxxxxxxxxxxxxxxxxxxxxxxxxxxxxxxxxxxxxx
2026-03-05 19:22:31 +0100: Memory Usage (460948K) : ERROR : Netlists don't match
2026-03-05 19:22:31 +0100: Memory Usage (460948K) : xxxxxxxxxxxxxxxxxxxxxxxxxxxxxxxxxxxxxxxxxx
2026-03-05 19:22:31 +0100: Memory Usage (460948K) : LVS Total Run time 5.305987 seconds
