Running parameters: PVT_Corners, MC_Variations, magic_area, magic_drc, netgen_lvs, klayout_drc_full
Generating simulation netlist from schematic…
Parameter PVT_Corners: Generating simulation files…
Parameter PVT_Corners: Running simulations…
Parameter PVT_Corners: Collecting results…
Parameter PVT_Corners: Saving simulation summary as '[repr.filename][link=file:///foss/designs/chipathon_2025/designs/ihp-sg13g2/edge_detector/runs/RUN_2026-02-26_17-35-19/parameters/PVT_Corners/simulation_summary.md]runs/RUN_2026-02-26_17-35-19/parameters/PVT_Corners/simulation_summary.md[/link][/repr.filename]'…
Parameter MC_Variations: Generating simulation files…
Collating results using condition "iterations"
Parameter MC_Variations: Running simulations…
Parameter MC_Variations: Collecting results…
Running user-defined script '[repr.filename][link=file:///foss/designs/chipathon_2025/designs/ihp-sg13g2/edge_detector/cace/scripts/mc_mean_std.py]cace/scripts/mc_mean_std.py[/link][/repr.filename]'…

### Monte Carlo Statistics Summary (mean ± 3σ estimate)
| Variable  |     Mean      |    Std Dev    |      μ−3σ     |      μ+3σ     |
|-----------|---------------|---------------|---------------|---------------|
| ton_MC    |    1.0402e-09 |    2.9277e-11 |    9.5235e-10 |    1.1280e-09 |
Markdown summary saved to: /foss/designs/chipathon_2025/designs/ihp-sg13g2/edge_detector/docs/edge_detector/schematic/stats_summary.md
Parameter MC_Variations: Saving simulation summary as '[repr.filename][link=file:///foss/designs/chipathon_2025/designs/ihp-sg13g2/edge_detector/runs/RUN_2026-02-26_17-35-19/parameters/MC_Variations/simulation_summary.md]runs/RUN_2026-02-26_17-35-19/parameters/MC_Variations/simulation_summary.md[/link][/repr.filename]'…
Netlist source is schematic capture. Not running area measurements.
Netlist source is schematic capture. Not running DRC.
Netlist source is schematic capture. Not running LVS.
Netlist source is schematic capture. Not running DRC.
Done with CACE simulations and evaluations in 0:07:20.
