
Magic 8.3 revision 582 - Compiled on Sun Dec 21 08:00:31 PM CET 2025.
Starting magic under Tcl interpreter
Using the terminal as the console.
WARNING: RLIMIT_NOFILE is above 1024 and Tcl_Version<9 this may cause runtime issues [rlim_cur=1048576]
Using NULL graphics device.
Processing system .magicrc file
Switching to WIRING tool.
Switching to NETLIST tool.
Switching to PICK tool.
Switching to BOX tool.
Sourcing design .magicrc for technology ihp-sg13g2 ...
2 Magic internal units = 1 Lambda
Input style sg13g2(): scaleFactor=2, multiplier=2
The following types are not handled by extraction and will be treated as non-electrical types:
    fillfet sealcont difffill nemitter hvnemitter hvisodiffres sealvia1 sealvia2 sealvia3 sealvia4 sealvia5 sealvia6 pad seal thruvia 
Scaled tech values by 2 / 1 to match internal grid scaling
Using technology "ihp-sg13g2", version 0.3.0
Warning: Calma reading is not undoable!  I hope that's OK.
Library written using GDS-II Release 6.0
Library name: LIB
Reading "$$$CONTEXT_INFO$$$".
Reading "via_stack".
Saving contents of cell via_stack
Reading "via_stack$6".
Saving contents of cell via_stack$6
Reading "via_stack$5".
Saving contents of cell via_stack$5
Saving contents of cell $$$CONTEXT_INFO$$$
Reading "via_stack$3$4".
Saving contents of cell via_stack$3$4
Reading "via_stack$2$10".
Saving contents of cell via_stack$2$10
Reading "pmos$1$10".
Saving contents of cell pmos$1$10
Reading "nmos$1$5".
Saving contents of cell nmos$1$5
Reading "via_stack".
Reading "via_stack$6".
Reading "via_stack$5".
Reading "nmos$5".
Saving contents of cell nmos$5
Reading "pmos$1$9".
Saving contents of cell pmos$1$9
Reading "nmos$4".
Saving contents of cell nmos$4
Reading "pmos$1$8".
Saving contents of cell pmos$1$8
Reading "via_stack$4$4".
Saving contents of cell via_stack$4$4
Reading "via_stack$1$5".
Saving contents of cell via_stack$1$5
Reading "via_stack$2$9".
Saving contents of cell via_stack$2$9
Reading "via_stack$1$4".
Saving contents of cell via_stack$1$4
Reading "via_stack$2$8".
Saving contents of cell via_stack$2$8
Reading "via_stack$4$3".
Saving contents of cell via_stack$4$3
Reading "via_stack$3$3".
Saving contents of cell via_stack$3$3
Reading "via_stack$2$7".
Saving contents of cell via_stack$2$7
Reading "pmos$1$7".
Saving contents of cell pmos$1$7
Reading "nmos$1$4".
Saving contents of cell nmos$1$4
Reading "via_stack$1$3".
Saving contents of cell via_stack$1$3
Reading "via_stack$1$2".
Saving contents of cell via_stack$1$2
Reading "via_stack$1$1".
Saving contents of cell via_stack$1$1
Reading "via_stack$1".
Saving contents of cell via_stack$1
Reading "via_stack$4$1".
Saving contents of cell via_stack$4$1
Reading "via_stack$3$1".
Saving contents of cell via_stack$3$1
Reading "via_stack$2$5".
Saving contents of cell via_stack$2$5
Reading "pmos$1$5".
Saving contents of cell pmos$1$5
Reading "nmos$1$2".
Saving contents of cell nmos$1$2
Reading "via_stack$4".
Saving contents of cell via_stack$4
Reading "via_stack$3".
Saving contents of cell via_stack$3
Reading "via_stack$2$4".
Saving contents of cell via_stack$2$4
Reading "pmos$1$4".
Saving contents of cell pmos$1$4
Reading "nmos$1$1".
Saving contents of cell nmos$1$1
Reading "edge_detector".
Saving contents of cell edge_detector
Reading "via_stack$4$2".
Saving contents of cell via_stack$4$2
Reading "via_stack$3$2".
Saving contents of cell via_stack$3$2
Reading "via_stack$2$6".
Saving contents of cell via_stack$2$6
Reading "pmos$1$6".
Saving contents of cell pmos$1$6
Reading "nmos$1$3".
Saving contents of cell nmos$1$3
Reading "nmos$3".
Saving contents of cell nmos$3
Reading "pmos$1$3".
Saving contents of cell pmos$1$3
Reading "via_stack$2$3".
Saving contents of cell via_stack$2$3
Reading "nmos$2".
Saving contents of cell nmos$2
Reading "pmos$1$2".
Saving contents of cell pmos$1$2
Reading "via_stack$2$2".
Saving contents of cell via_stack$2$2
Reading "nmos$1".
Saving contents of cell nmos$1
Reading "pmos$1$1".
Saving contents of cell pmos$1$1
Reading "via_stack$2$1".
Saving contents of cell via_stack$2$1
Reading "nmos".
Saving contents of cell nmos
Reading "pmos$1".
Saving contents of cell pmos$1
Reading "via_stack$2".
Saving contents of cell via_stack$2
DRC style is now "drc(full)"
Loading DRC CIF style.
drc = 0
No errors found.

